  [4;36;1mSQL (0.000000)[0m   [0;1mSET NAMES 'utf8'[0m
  [4;35;1mSQL (0.000000)[0m   [0mSET SQL_AUTO_IS_NULL=0[0m
  [4;36;1mSQL (0.000000)[0m   [0;1mSET NAMES 'utf8'[0m
  [4;35;1mSQL (0.000000)[0m   [0mSET SQL_AUTO_IS_NULL=0[0m
  [4;36;1mSQL (0.000000)[0m   [0;1mMysql::Error: Table 'schema_info' already exists: CREATE TABLE `schema_info` (version int(11))[0m
  [4;35;1mSQL (0.000000)[0m   [0mMysql::Error: Table 'schema_info' already exists: CREATE TABLE `schema_info` (version int(11))[0m
  [4;36;1mSQL (0.015000)[0m   [0;1mSELECT version FROM schema_info[0m
  [4;35;1mSQL (0.000000)[0m   [0mSELECT * FROM schema_info[0m
  [4;36;1mSQL (0.000000)[0m   [0;1mSHOW TABLES[0m
  [4;35;1mSQL (0.047000)[0m   [0mSHOW FIELDS FROM `comments`[0m
  [4;36;1mSQL (0.016000)[0m   [0;1mdescribe `comments`[0m
  [4;35;1mSQL (0.000000)[0m   [0mSHOW KEYS FROM `comments`[0m
  [4;36;1mSQL (0.031000)[0m   [0;1mSHOW FIELDS FROM `posts`[0m
  [4;35;1mSQL (0.015000)[0m   [0mdescribe `posts`[0m
  [4;36;1mSQL (0.016000)[0m   [0;1mSHOW KEYS FROM `posts`[0m


Processing PostsController#index (for 127.0.0.1 at 2008-05-20 12:26:26) [GET]
  Session ID: eab2f8885ce501f254383f74335cfd4a
  Parameters: {"action"=>"index", "controller"=>"posts"}
  [4;36;1mSQL (0.000000)[0m   [0;1mSET NAMES 'utf8'[0m
  [4;35;1mSQL (0.000000)[0m   [0mSET SQL_AUTO_IS_NULL=0[0m
  [4;36;1mPost Load (0.000000)[0m   [0;1mSELECT * FROM `posts` [0m
Rendering template within layouts/posts
Rendering posts/index
  [4;35;1mPost Columns (0.015000)[0m   [0mSHOW FIELDS FROM `posts`[0m
Completed in 0.07800 (12 reqs/sec) | Rendering: 0.03200 (41%) | DB: 0.01500 (19%) | 200 OK [http://127.0.0.1/posts]
  [4;36;1mSQL (0.000000)[0m   [0;1mSET NAMES 'utf8'[0m
  [4;35;1mSQL (0.000000)[0m   [0mSET SQL_AUTO_IS_NULL=0[0m
  [4;36;1mSQL (0.000000)[0m   [0;1mSELECT version FROM schema_info[0m
  [4;35;1mSQL (0.000000)[0m   [0mMysql::Error: Table 'schema_info' already exists: CREATE TABLE `schema_info` (version int(11))[0m
  [4;36;1mSQL (0.000000)[0m   [0;1mSELECT version FROM schema_info[0m
  [4;35;1mSQL (0.000000)[0m   [0mSELECT version FROM schema_info[0m
  [4;36;1mSQL (0.000000)[0m   [0;1mMysql::Error: Table 'schema_info' already exists: CREATE TABLE `schema_info` (version int(11))[0m
Reached target version: 1
  [4;36;1mSQL (0.000000)[0m   [0;1mSET NAMES 'utf8'[0m
  [4;35;1mSQL (0.000000)[0m   [0mSET SQL_AUTO_IS_NULL=0[0m
  [4;36;1mSQL (0.000000)[0m   [0;1mMysql::Error: Table 'schema_info' already exists: CREATE TABLE `schema_info` (version int(11))[0m
  [4;35;1mSQL (0.000000)[0m   [0mMysql::Error: Table 'schema_info' already exists: CREATE TABLE `schema_info` (version int(11))[0m
  [4;36;1mSQL (0.000000)[0m   [0;1mSELECT version FROM schema_info[0m
  [4;35;1mSQL (0.000000)[0m   [0mSELECT * FROM schema_info[0m
  [4;36;1mSQL (0.000000)[0m   [0;1mSHOW TABLES[0m
  [4;35;1mSQL (0.015000)[0m   [0mSHOW FIELDS FROM `comments`[0m
  [4;36;1mSQL (0.016000)[0m   [0;1mdescribe `comments`[0m
  [4;35;1mSQL (0.015000)[0m   [0mSHOW KEYS FROM `comments`[0m
  [4;36;1mSQL (0.000000)[0m   [0;1mSHOW FIELDS FROM `posts`[0m
  [4;35;1mSQL (0.016000)[0m   [0mdescribe `posts`[0m
  [4;36;1mSQL (0.016000)[0m   [0;1mSHOW KEYS FROM `posts`[0m


Processing PostsController#index (for 127.0.0.1 at 2008-05-20 12:33:47) [GET]
  Session ID: BAh7BzoMY3NyZl9pZCIlODFkZmRiYzc5Njg5Yjk5OWZhNzFiMjVjZDlmYmMw%0AMmUiCmZsYXNoSUM6J0FjdGlvbkNvbnRyb2xsZXI6OkZsYXNoOjpGbGFzaEhh%0Ac2h7AAY6CkB1c2VkewA%3D--59c149b0fad72f7742ab556ea77b374eb8f9c0fd
  Parameters: {"action"=>"index", "controller"=>"posts"}
  [4;36;1mPost Load (0.000000)[0m   [0;1mSELECT * FROM `posts` [0m
Rendering template within layouts/posts
Rendering posts/index
  [4;35;1mPost Columns (0.000000)[0m   [0mSHOW FIELDS FROM `posts`[0m
Completed in 0.26600 (3 reqs/sec) | Rendering: 0.21900 (82%) | DB: 0.00000 (0%) | 200 OK [http://127.0.0.1/posts]


Processing ApplicationController#index (for 127.0.0.1 at 2008-05-20 12:41:29) [GET]
  Session ID: BAh7BzoMY3NyZl9pZCIlODFkZmRiYzc5Njg5Yjk5OWZhNzFiMjVjZDlmYmMw%0AMmUiCmZsYXNoSUM6J0FjdGlvbkNvbnRyb2xsZXI6OkZsYXNoOjpGbGFzaEhh%0Ac2h7AAY6CkB1c2VkewA%3D--59c149b0fad72f7742ab556ea77b374eb8f9c0fd
  Parameters: {}


ActionController::RoutingError (No route matches "/" with {:method=>:get}):
    C:/ruby/lib/ruby/gems/1.8/gems/actionpack-2.0.2/lib/action_controller/routing.rb:1441:in `recognize_path'
    C:/ruby/lib/ruby/gems/1.8/gems/actionpack-2.0.2/lib/action_controller/routing.rb:1424:in `recognize'
    C:/ruby/lib/ruby/gems/1.8/gems/actionpack-2.0.2/lib/action_controller/dispatcher.rb:170:in `handle_request'
    C:/ruby/lib/ruby/gems/1.8/gems/actionpack-2.0.2/lib/action_controller/dispatcher.rb:115:in `dispatch'
    C:/ruby/lib/ruby/gems/1.8/gems/actionpack-2.0.2/lib/action_controller/dispatcher.rb:126:in `dispatch_cgi'
    C:/ruby/lib/ruby/gems/1.8/gems/actionpack-2.0.2/lib/action_controller/dispatcher.rb:9:in `dispatch'
    C:/ruby/lib/ruby/gems/1.8/gems/mongrel-1.1.2-mswin32/bin/../lib/mongrel/rails.rb:76:in `process'
    C:/ruby/lib/ruby/gems/1.8/gems/mongrel-1.1.2-mswin32/bin/../lib/mongrel/rails.rb:74:in `synchronize'
    C:/ruby/lib/ruby/gems/1.8/gems/mongrel-1.1.2-mswin32/bin/../lib/mongrel/rails.rb:74:in `process'
    C:/ruby/lib/ruby/gems/1.8/gems/mongrel-1.1.2-mswin32/lib/mongrel.rb:159:in `process_client'
    C:/ruby/lib/ruby/gems/1.8/gems/mongrel-1.1.2-mswin32/lib/mongrel.rb:158:in `each'
    C:/ruby/lib/ruby/gems/1.8/gems/mongrel-1.1.2-mswin32/lib/mongrel.rb:158:in `process_client'
    C:/ruby/lib/ruby/gems/1.8/gems/mongrel-1.1.2-mswin32/lib/mongrel.rb:285:in `run'
    C:/ruby/lib/ruby/gems/1.8/gems/mongrel-1.1.2-mswin32/lib/mongrel.rb:285:in `initialize'
    C:/ruby/lib/ruby/gems/1.8/gems/mongrel-1.1.2-mswin32/lib/mongrel.rb:285:in `new'
    C:/ruby/lib/ruby/gems/1.8/gems/mongrel-1.1.2-mswin32/lib/mongrel.rb:285:in `run'
    C:/ruby/lib/ruby/gems/1.8/gems/mongrel-1.1.2-mswin32/lib/mongrel.rb:268:in `initialize'
    C:/ruby/lib/ruby/gems/1.8/gems/mongrel-1.1.2-mswin32/lib/mongrel.rb:268:in `new'
    C:/ruby/lib/ruby/gems/1.8/gems/mongrel-1.1.2-mswin32/lib/mongrel.rb:268:in `run'
    C:/ruby/lib/ruby/gems/1.8/gems/mongrel-1.1.2-mswin32/lib/mongrel/configurator.rb:282:in `run'
    C:/ruby/lib/ruby/gems/1.8/gems/mongrel-1.1.2-mswin32/lib/mongrel/configurator.rb:281:in `each'
    C:/ruby/lib/ruby/gems/1.8/gems/mongrel-1.1.2-mswin32/lib/mongrel/configurator.rb:281:in `run'
    C:/ruby/lib/ruby/gems/1.8/gems/mongrel-1.1.2-mswin32/bin/mongrel_rails:128:in `run'
    C:/ruby/lib/ruby/gems/1.8/gems/mongrel-1.1.2-mswin32/lib/mongrel/command.rb:212:in `run'
    C:/ruby/lib/ruby/gems/1.8/gems/mongrel-1.1.2-mswin32/bin/mongrel_rails:281
    C:/ruby/lib/ruby/gems/1.8/gems/activesupport-2.0.2/lib/active_support/dependencies.rb:489:in `load'
    C:/ruby/lib/ruby/gems/1.8/gems/activesupport-2.0.2/lib/active_support/dependencies.rb:489:in `load'
    C:/ruby/lib/ruby/gems/1.8/gems/activesupport-2.0.2/lib/active_support/dependencies.rb:342:in `new_constants_in'
    C:/ruby/lib/ruby/gems/1.8/gems/activesupport-2.0.2/lib/active_support/dependencies.rb:489:in `load'
    C:/ruby/lib/ruby/gems/1.8/gems/rails-2.0.2/lib/commands/servers/mongrel.rb:64
    C:/ruby/lib/ruby/site_ruby/1.8/rubygems/custom_require.rb:27:in `gem_original_require'
    C:/ruby/lib/ruby/site_ruby/1.8/rubygems/custom_require.rb:27:in `require'
    C:/ruby/lib/ruby/gems/1.8/gems/activesupport-2.0.2/lib/active_support/dependencies.rb:496:in `require'
    C:/ruby/lib/ruby/gems/1.8/gems/activesupport-2.0.2/lib/active_support/dependencies.rb:342:in `new_constants_in'
    C:/ruby/lib/ruby/gems/1.8/gems/activesupport-2.0.2/lib/active_support/dependencies.rb:496:in `require'
    C:/ruby/lib/ruby/gems/1.8/gems/rails-2.0.2/lib/commands/server.rb:39
    C:/ruby/lib/ruby/site_ruby/1.8/rubygems/custom_require.rb:27:in `gem_original_require'
    C:/ruby/lib/ruby/site_ruby/1.8/rubygems/custom_require.rb:27:in `require'
    ./script/server:3
    -e:2:in `load'
    -e:2

Rendering C:/ruby/lib/ruby/gems/1.8/gems/actionpack-2.0.2/lib/action_controller/templates/rescues/layout.erb (not_found)


Processing ApplicationController#index (for 127.0.0.1 at 2008-05-20 12:42:01) [GET]
  Session ID: BAh7BzoMY3NyZl9pZCIlODFkZmRiYzc5Njg5Yjk5OWZhNzFiMjVjZDlmYmMw%0AMmUiCmZsYXNoSUM6J0FjdGlvbkNvbnRyb2xsZXI6OkZsYXNoOjpGbGFzaEhh%0Ac2h7AAY6CkB1c2VkewA%3D--59c149b0fad72f7742ab556ea77b374eb8f9c0fd
  Parameters: {}


ActionController::RoutingError (No route matches "/" with {:method=>:get}):
    C:/ruby/lib/ruby/gems/1.8/gems/actionpack-2.0.2/lib/action_controller/routing.rb:1441:in `recognize_path'
    C:/ruby/lib/ruby/gems/1.8/gems/actionpack-2.0.2/lib/action_controller/routing.rb:1424:in `recognize'
    C:/ruby/lib/ruby/gems/1.8/gems/actionpack-2.0.2/lib/action_controller/dispatcher.rb:170:in `handle_request'
    C:/ruby/lib/ruby/gems/1.8/gems/actionpack-2.0.2/lib/action_controller/dispatcher.rb:115:in `dispatch'
    C:/ruby/lib/ruby/gems/1.8/gems/actionpack-2.0.2/lib/action_controller/dispatcher.rb:126:in `dispatch_cgi'
    C:/ruby/lib/ruby/gems/1.8/gems/actionpack-2.0.2/lib/action_controller/dispatcher.rb:9:in `dispatch'
    C:/ruby/lib/ruby/gems/1.8/gems/mongrel-1.1.2-mswin32/bin/../lib/mongrel/rails.rb:76:in `process'
    C:/ruby/lib/ruby/gems/1.8/gems/mongrel-1.1.2-mswin32/bin/../lib/mongrel/rails.rb:74:in `synchronize'
    C:/ruby/lib/ruby/gems/1.8/gems/mongrel-1.1.2-mswin32/bin/../lib/mongrel/rails.rb:74:in `process'
    C:/ruby/lib/ruby/gems/1.8/gems/mongrel-1.1.2-mswin32/lib/mongrel.rb:159:in `process_client'
    C:/ruby/lib/ruby/gems/1.8/gems/mongrel-1.1.2-mswin32/lib/mongrel.rb:158:in `each'
    C:/ruby/lib/ruby/gems/1.8/gems/mongrel-1.1.2-mswin32/lib/mongrel.rb:158:in `process_client'
    C:/ruby/lib/ruby/gems/1.8/gems/mongrel-1.1.2-mswin32/lib/mongrel.rb:285:in `run'
    C:/ruby/lib/ruby/gems/1.8/gems/mongrel-1.1.2-mswin32/lib/mongrel.rb:285:in `initialize'
    C:/ruby/lib/ruby/gems/1.8/gems/mongrel-1.1.2-mswin32/lib/mongrel.rb:285:in `new'
    C:/ruby/lib/ruby/gems/1.8/gems/mongrel-1.1.2-mswin32/lib/mongrel.rb:285:in `run'
    C:/ruby/lib/ruby/gems/1.8/gems/mongrel-1.1.2-mswin32/lib/mongrel.rb:268:in `initialize'
    C:/ruby/lib/ruby/gems/1.8/gems/mongrel-1.1.2-mswin32/lib/mongrel.rb:268:in `new'
    C:/ruby/lib/ruby/gems/1.8/gems/mongrel-1.1.2-mswin32/lib/mongrel.rb:268:in `run'
    C:/ruby/lib/ruby/gems/1.8/gems/mongrel-1.1.2-mswin32/lib/mongrel/configurator.rb:282:in `run'
    C:/ruby/lib/ruby/gems/1.8/gems/mongrel-1.1.2-mswin32/lib/mongrel/configurator.rb:281:in `each'
    C:/ruby/lib/ruby/gems/1.8/gems/mongrel-1.1.2-mswin32/lib/mongrel/configurator.rb:281:in `run'
    C:/ruby/lib/ruby/gems/1.8/gems/mongrel-1.1.2-mswin32/bin/mongrel_rails:128:in `run'
    C:/ruby/lib/ruby/gems/1.8/gems/mongrel-1.1.2-mswin32/lib/mongrel/command.rb:212:in `run'
    C:/ruby/lib/ruby/gems/1.8/gems/mongrel-1.1.2-mswin32/bin/mongrel_rails:281
    C:/ruby/lib/ruby/gems/1.8/gems/activesupport-2.0.2/lib/active_support/dependencies.rb:489:in `load'
    C:/ruby/lib/ruby/gems/1.8/gems/activesupport-2.0.2/lib/active_support/dependencies.rb:489:in `load'
    C:/ruby/lib/ruby/gems/1.8/gems/activesupport-2.0.2/lib/active_support/dependencies.rb:342:in `new_constants_in'
    C:/ruby/lib/ruby/gems/1.8/gems/activesupport-2.0.2/lib/active_support/dependencies.rb:489:in `load'
    C:/ruby/lib/ruby/gems/1.8/gems/rails-2.0.2/lib/commands/servers/mongrel.rb:64
    C:/ruby/lib/ruby/site_ruby/1.8/rubygems/custom_require.rb:27:in `gem_original_require'
    C:/ruby/lib/ruby/site_ruby/1.8/rubygems/custom_require.rb:27:in `require'
    C:/ruby/lib/ruby/gems/1.8/gems/activesupport-2.0.2/lib/active_support/dependencies.rb:496:in `require'
    C:/ruby/lib/ruby/gems/1.8/gems/activesupport-2.0.2/lib/active_support/dependencies.rb:342:in `new_constants_in'
    C:/ruby/lib/ruby/gems/1.8/gems/activesupport-2.0.2/lib/active_support/dependencies.rb:496:in `require'
    C:/ruby/lib/ruby/gems/1.8/gems/rails-2.0.2/lib/commands/server.rb:39
    C:/ruby/lib/ruby/site_ruby/1.8/rubygems/custom_require.rb:27:in `gem_original_require'
    C:/ruby/lib/ruby/site_ruby/1.8/rubygems/custom_require.rb:27:in `require'
    ./script/server:3
    -e:2:in `load'
    -e:2

Rendering C:/ruby/lib/ruby/gems/1.8/gems/actionpack-2.0.2/lib/action_controller/templates/rescues/layout.erb (not_found)


Processing ApplicationController#index (for 127.0.0.1 at 2008-05-20 12:42:33) [GET]
  Session ID: BAh7BzoMY3NyZl9pZCIlODFkZmRiYzc5Njg5Yjk5OWZhNzFiMjVjZDlmYmMw%0AMmUiCmZsYXNoSUM6J0FjdGlvbkNvbnRyb2xsZXI6OkZsYXNoOjpGbGFzaEhh%0Ac2h7AAY6CkB1c2VkewA%3D--59c149b0fad72f7742ab556ea77b374eb8f9c0fd
  Parameters: {}


ActionController::RoutingError (No route matches "/" with {:method=>:get}):
    C:/ruby/lib/ruby/gems/1.8/gems/actionpack-2.0.2/lib/action_controller/routing.rb:1441:in `recognize_path'
    C:/ruby/lib/ruby/gems/1.8/gems/actionpack-2.0.2/lib/action_controller/routing.rb:1424:in `recognize'
    C:/ruby/lib/ruby/gems/1.8/gems/actionpack-2.0.2/lib/action_controller/dispatcher.rb:170:in `handle_request'
    C:/ruby/lib/ruby/gems/1.8/gems/actionpack-2.0.2/lib/action_controller/dispatcher.rb:115:in `dispatch'
    C:/ruby/lib/ruby/gems/1.8/gems/actionpack-2.0.2/lib/action_controller/dispatcher.rb:126:in `dispatch_cgi'
    C:/ruby/lib/ruby/gems/1.8/gems/actionpack-2.0.2/lib/action_controller/dispatcher.rb:9:in `dispatch'
    C:/ruby/lib/ruby/gems/1.8/gems/mongrel-1.1.2-mswin32/bin/../lib/mongrel/rails.rb:76:in `process'
    C:/ruby/lib/ruby/gems/1.8/gems/mongrel-1.1.2-mswin32/bin/../lib/mongrel/rails.rb:74:in `synchronize'
    C:/ruby/lib/ruby/gems/1.8/gems/mongrel-1.1.2-mswin32/bin/../lib/mongrel/rails.rb:74:in `process'
    C:/ruby/lib/ruby/gems/1.8/gems/mongrel-1.1.2-mswin32/lib/mongrel.rb:159:in `process_client'
    C:/ruby/lib/ruby/gems/1.8/gems/mongrel-1.1.2-mswin32/lib/mongrel.rb:158:in `each'
    C:/ruby/lib/ruby/gems/1.8/gems/mongrel-1.1.2-mswin32/lib/mongrel.rb:158:in `process_client'
    C:/ruby/lib/ruby/gems/1.8/gems/mongrel-1.1.2-mswin32/lib/mongrel.rb:285:in `run'
    C:/ruby/lib/ruby/gems/1.8/gems/mongrel-1.1.2-mswin32/lib/mongrel.rb:285:in `initialize'
    C:/ruby/lib/ruby/gems/1.8/gems/mongrel-1.1.2-mswin32/lib/mongrel.rb:285:in `new'
    C:/ruby/lib/ruby/gems/1.8/gems/mongrel-1.1.2-mswin32/lib/mongrel.rb:285:in `run'
    C:/ruby/lib/ruby/gems/1.8/gems/mongrel-1.1.2-mswin32/lib/mongrel.rb:268:in `initialize'
    C:/ruby/lib/ruby/gems/1.8/gems/mongrel-1.1.2-mswin32/lib/mongrel.rb:268:in `new'
    C:/ruby/lib/ruby/gems/1.8/gems/mongrel-1.1.2-mswin32/lib/mongrel.rb:268:in `run'
    C:/ruby/lib/ruby/gems/1.8/gems/mongrel-1.1.2-mswin32/lib/mongrel/configurator.rb:282:in `run'
    C:/ruby/lib/ruby/gems/1.8/gems/mongrel-1.1.2-mswin32/lib/mongrel/configurator.rb:281:in `each'
    C:/ruby/lib/ruby/gems/1.8/gems/mongrel-1.1.2-mswin32/lib/mongrel/configurator.rb:281:in `run'
    C:/ruby/lib/ruby/gems/1.8/gems/mongrel-1.1.2-mswin32/bin/mongrel_rails:128:in `run'
    C:/ruby/lib/ruby/gems/1.8/gems/mongrel-1.1.2-mswin32/lib/mongrel/command.rb:212:in `run'
    C:/ruby/lib/ruby/gems/1.8/gems/mongrel-1.1.2-mswin32/bin/mongrel_rails:281
    C:/ruby/lib/ruby/gems/1.8/gems/activesupport-2.0.2/lib/active_support/dependencies.rb:489:in `load'
    C:/ruby/lib/ruby/gems/1.8/gems/activesupport-2.0.2/lib/active_support/dependencies.rb:489:in `load'
    C:/ruby/lib/ruby/gems/1.8/gems/activesupport-2.0.2/lib/active_support/dependencies.rb:342:in `new_constants_in'
    C:/ruby/lib/ruby/gems/1.8/gems/activesupport-2.0.2/lib/active_support/dependencies.rb:489:in `load'
    C:/ruby/lib/ruby/gems/1.8/gems/rails-2.0.2/lib/commands/servers/mongrel.rb:64
    C:/ruby/lib/ruby/site_ruby/1.8/rubygems/custom_require.rb:27:in `gem_original_require'
    C:/ruby/lib/ruby/site_ruby/1.8/rubygems/custom_require.rb:27:in `require'
    C:/ruby/lib/ruby/gems/1.8/gems/activesupport-2.0.2/lib/active_support/dependencies.rb:496:in `require'
    C:/ruby/lib/ruby/gems/1.8/gems/activesupport-2.0.2/lib/active_support/dependencies.rb:342:in `new_constants_in'
    C:/ruby/lib/ruby/gems/1.8/gems/activesupport-2.0.2/lib/active_support/dependencies.rb:496:in `require'
    C:/ruby/lib/ruby/gems/1.8/gems/rails-2.0.2/lib/commands/server.rb:39
    C:/ruby/lib/ruby/site_ruby/1.8/rubygems/custom_require.rb:27:in `gem_original_require'
    C:/ruby/lib/ruby/site_ruby/1.8/rubygems/custom_require.rb:27:in `require'
    ./script/server:3
    -e:2:in `load'
    -e:2

Rendering C:/ruby/lib/ruby/gems/1.8/gems/actionpack-2.0.2/lib/action_controller/templates/rescues/layout.erb (not_found)


Processing PostsController#index (for 127.0.0.1 at 2008-05-20 12:42:49) [GET]
  Session ID: BAh7BzoMY3NyZl9pZCIlODFkZmRiYzc5Njg5Yjk5OWZhNzFiMjVjZDlmYmMw%0AMmUiCmZsYXNoSUM6J0FjdGlvbkNvbnRyb2xsZXI6OkZsYXNoOjpGbGFzaEhh%0Ac2h7AAY6CkB1c2VkewA%3D--59c149b0fad72f7742ab556ea77b374eb8f9c0fd
  Parameters: {"action"=>"index", "controller"=>"posts"}
  [4;36;1mPost Load (0.000000)[0m   [0;1mSELECT * FROM `posts` [0m
Rendering template within layouts/posts
Rendering posts/index
  [4;35;1mPost Columns (0.015000)[0m   [0mSHOW FIELDS FROM `posts`[0m
Completed in 0.06200 (16 reqs/sec) | Rendering: 0.01600 (25%) | DB: 0.01500 (24%) | 200 OK [http://127.0.0.1/posts]


Processing PostsController#index (for 127.0.0.1 at 2008-05-20 12:46:27) [GET]
  Session ID: BAh7BzoMY3NyZl9pZCIlODFkZmRiYzc5Njg5Yjk5OWZhNzFiMjVjZDlmYmMw%0AMmUiCmZsYXNoSUM6J0FjdGlvbkNvbnRyb2xsZXI6OkZsYXNoOjpGbGFzaEhh%0Ac2h7AAY6CkB1c2VkewA%3D--59c149b0fad72f7742ab556ea77b374eb8f9c0fd
  Parameters: {"action"=>"index", "controller"=>"posts"}
  [4;36;1mPost Load (0.000000)[0m   [0;1mSELECT * FROM `posts` [0m
Rendering template within layouts/posts
Rendering posts/index
  [4;35;1mPost Columns (0.016000)[0m   [0mSHOW FIELDS FROM `posts`[0m
Completed in 0.07800 (12 reqs/sec) | Rendering: 0.01500 (19%) | DB: 0.01600 (20%) | 200 OK [http://127.0.0.1/]


Processing PostsController#index (for 127.0.0.1 at 2008-05-21 08:27:06) [GET]
  Session ID: BAh7BzoMY3NyZl9pZCIlODFkZmRiYzc5Njg5Yjk5OWZhNzFiMjVjZDlmYmMw%0AMmUiCmZsYXNoSUM6J0FjdGlvbkNvbnRyb2xsZXI6OkZsYXNoOjpGbGFzaEhh%0Ac2h7AAY6CkB1c2VkewA%3D--59c149b0fad72f7742ab556ea77b374eb8f9c0fd
  Parameters: {"action"=>"index", "controller"=>"posts"}
  [4;36;1mSQL (0.000000)[0m   [0;1mSET NAMES 'utf8'[0m
  [4;35;1mSQL (0.000000)[0m   [0mSET SQL_AUTO_IS_NULL=0[0m
  [4;36;1mPost Load (0.032000)[0m   [0;1mSELECT * FROM `posts` [0m
Rendering template within layouts/posts
Rendering posts/index
  [4;35;1mPost Columns (0.016000)[0m   [0mSHOW FIELDS FROM `posts`[0m
Completed in 0.14000 (7 reqs/sec) | Rendering: 0.04600 (32%) | DB: 0.04800 (34%) | 200 OK [http://127.0.0.1/]


Processing PostsController#new (for 127.0.0.1 at 2008-05-21 08:27:28) [GET]
  Session ID: BAh7BzoMY3NyZl9pZCIlODFkZmRiYzc5Njg5Yjk5OWZhNzFiMjVjZDlmYmMw%0AMmUiCmZsYXNoSUM6J0FjdGlvbkNvbnRyb2xsZXI6OkZsYXNoOjpGbGFzaEhh%0Ac2h7AAY6CkB1c2VkewA%3D--59c149b0fad72f7742ab556ea77b374eb8f9c0fd
  Parameters: {"action"=>"new", "controller"=>"posts"}
  [4;36;1mPost Columns (0.000000)[0m   [0;1mSHOW FIELDS FROM `posts`[0m
Rendering template within layouts/posts
Rendering posts/new
Completed in 0.07800 (12 reqs/sec) | Rendering: 0.04700 (60%) | DB: 0.00000 (0%) | 200 OK [http://127.0.0.1/posts/new]


Processing PostsController#create (for 127.0.0.1 at 2008-05-21 08:27:36) [POST]
  Session ID: BAh7BzoMY3NyZl9pZCIlODFkZmRiYzc5Njg5Yjk5OWZhNzFiMjVjZDlmYmMw%0AMmUiCmZsYXNoSUM6J0FjdGlvbkNvbnRyb2xsZXI6OkZsYXNoOjpGbGFzaEhh%0Ac2h7AAY6CkB1c2VkewA%3D--59c149b0fad72f7742ab556ea77b374eb8f9c0fd
  Parameters: {"commit"=>"Create", "post"=>{"title"=>"", "body"=>""}, "authenticity_token"=>"c061db4303b99acea4cac53262d5d0fe2b3d9486", "action"=>"create", "controller"=>"posts"}
  [4;35;1mPost Columns (0.000000)[0m   [0mSHOW FIELDS FROM `posts`[0m
  [4;36;1mSQL (0.000000)[0m   [0;1mBEGIN[0m
  [4;35;1mSQL (0.000000)[0m   [0mCOMMIT[0m
Rendering template within layouts/posts
Rendering posts/new
Completed in 0.25000 (4 reqs/sec) | Rendering: 0.01600 (6%) | DB: 0.00000 (0%) | 200 OK [http://127.0.0.1/posts]


Processing PostsController#create (for 127.0.0.1 at 2008-05-21 08:28:46) [POST]
  Session ID: BAh7BzoMY3NyZl9pZCIlODFkZmRiYzc5Njg5Yjk5OWZhNzFiMjVjZDlmYmMw%0AMmUiCmZsYXNoSUM6J0FjdGlvbkNvbnRyb2xsZXI6OkZsYXNoOjpGbGFzaEhh%0Ac2h7AAY6CkB1c2VkewA%3D--59c149b0fad72f7742ab556ea77b374eb8f9c0fd
  Parameters: {"commit"=>"Create", "post"=>{"title"=>"1234567890qwertyuiopasdfghjklzxcvbnm", "body"=>""}, "authenticity_token"=>"c061db4303b99acea4cac53262d5d0fe2b3d9486", "action"=>"create", "controller"=>"posts"}
  [4;36;1mPost Columns (0.016000)[0m   [0;1mSHOW FIELDS FROM `posts`[0m
  [4;35;1mSQL (0.015000)[0m   [0mBEGIN[0m
  [4;36;1mSQL (0.000000)[0m   [0;1mCOMMIT[0m
Rendering template within layouts/posts
Rendering posts/new
Completed in 0.07800 (12 reqs/sec) | Rendering: 0.01600 (20%) | DB: 0.03100 (39%) | 200 OK [http://127.0.0.1/posts]


Processing PostsController#create (for 127.0.0.1 at 2008-05-21 08:29:10) [POST]
  Session ID: BAh7BzoMY3NyZl9pZCIlODFkZmRiYzc5Njg5Yjk5OWZhNzFiMjVjZDlmYmMw%0AMmUiCmZsYXNoSUM6J0FjdGlvbkNvbnRyb2xsZXI6OkZsYXNoOjpGbGFzaEhh%0Ac2h7AAY6CkB1c2VkewA%3D--59c149b0fad72f7742ab556ea77b374eb8f9c0fd
  Parameters: {"commit"=>"Create", "post"=>{"title"=>"qwertyuiopasdfghjklzxcvbnm", "body"=>"x"}, "authenticity_token"=>"c061db4303b99acea4cac53262d5d0fe2b3d9486", "action"=>"create", "controller"=>"posts"}
  [4;35;1mPost Columns (0.016000)[0m   [0mSHOW FIELDS FROM `posts`[0m
  [4;36;1mSQL (0.015000)[0m   [0;1mBEGIN[0m
  [4;35;1mPost Create (0.000000)[0m   [0mINSERT INTO `posts` (`updated_at`, `body`, `title`, `created_at`) VALUES('2008-05-21 08:29:10', 'x', 'qwertyuiopasdfghjklzxcvbnm', '2008-05-21 08:29:10')[0m
  [4;36;1mSQL (0.031000)[0m   [0;1mCOMMIT[0m
Redirected to http://127.0.0.1:3002/posts/5
Completed in 0.07800 (12 reqs/sec) | DB: 0.06200 (79%) | 302 Found [http://127.0.0.1/posts]


Processing PostsController#show (for 127.0.0.1 at 2008-05-21 08:29:11) [GET]
  Session ID: BAh7BzoMY3NyZl9pZCIlODFkZmRiYzc5Njg5Yjk5OWZhNzFiMjVjZDlmYmMw%0AMmUiCmZsYXNoSUM6J0FjdGlvbkNvbnRyb2xsZXI6OkZsYXNoOjpGbGFzaEhh%0Ac2h7BjoLbm90aWNlIiNQb3N0IHdhcyBzdWNjZXNzZnVsbHkgY3JlYXRlZC4G%0AOgpAdXNlZHsGOwdU--cab01577d0bc6d955319b5736db586a43915d03e
  Parameters: {"action"=>"show", "id"=>"5", "controller"=>"posts"}
  [4;35;1mPost Columns (0.000000)[0m   [0mSHOW FIELDS FROM `posts`[0m
  [4;36;1mPost Load (0.000000)[0m   [0;1mSELECT * FROM `posts` WHERE (`posts`.`id` = 5) [0m
Rendering template within layouts/posts
Rendering posts/show
Completed in 0.07800 (12 reqs/sec) | Rendering: 0.03100 (39%) | DB: 0.00000 (0%) | 200 OK [http://127.0.0.1/posts/5]


Processing PostsController#index (for 127.0.0.1 at 2008-05-21 08:29:19) [GET]
  Session ID: BAh7BzoMY3NyZl9pZCIlODFkZmRiYzc5Njg5Yjk5OWZhNzFiMjVjZDlmYmMw%0AMmUiCmZsYXNoSUM6J0FjdGlvbkNvbnRyb2xsZXI6OkZsYXNoOjpGbGFzaEhh%0Ac2h7AAY6CkB1c2VkewA%3D--59c149b0fad72f7742ab556ea77b374eb8f9c0fd
  Parameters: {"action"=>"index", "controller"=>"posts"}
  [4;35;1mPost Load (0.000000)[0m   [0mSELECT * FROM `posts` [0m
Rendering template within layouts/posts
Rendering posts/index
  [4;36;1mPost Columns (0.016000)[0m   [0;1mSHOW FIELDS FROM `posts`[0m
Completed in 0.07800 (12 reqs/sec) | Rendering: 0.03100 (39%) | DB: 0.01600 (20%) | 200 OK [http://127.0.0.1/posts]


Processing PostsController#destroy (for 127.0.0.1 at 2008-05-21 08:29:39) [DELETE]
  Session ID: BAh7BzoMY3NyZl9pZCIlODFkZmRiYzc5Njg5Yjk5OWZhNzFiMjVjZDlmYmMw%0AMmUiCmZsYXNoSUM6J0FjdGlvbkNvbnRyb2xsZXI6OkZsYXNoOjpGbGFzaEhh%0Ac2h7AAY6CkB1c2VkewA%3D--59c149b0fad72f7742ab556ea77b374eb8f9c0fd
  Parameters: {"authenticity_token"=>"c061db4303b99acea4cac53262d5d0fe2b3d9486", "_method"=>"delete", "action"=>"destroy", "id"=>"4", "controller"=>"posts"}
  [4;35;1mPost Columns (0.000000)[0m   [0mSHOW FIELDS FROM `posts`[0m
  [4;36;1mPost Load (0.016000)[0m   [0;1mSELECT * FROM `posts` WHERE (`posts`.`id` = 4) [0m
  [4;35;1mSQL (0.000000)[0m   [0mBEGIN[0m
  [4;36;1mPost Destroy (0.000000)[0m   [0;1m DELETE FROM `posts`
 WHERE `id` = 4
[0m
  [4;35;1mSQL (0.047000)[0m   [0mCOMMIT[0m
Redirected to http://127.0.0.1:3002/posts
Completed in 0.09400 (10 reqs/sec) | DB: 0.06300 (67%) | 302 Found [http://127.0.0.1/posts/4]


Processing PostsController#index (for 127.0.0.1 at 2008-05-21 08:29:40) [GET]
  Session ID: BAh7BzoMY3NyZl9pZCIlODFkZmRiYzc5Njg5Yjk5OWZhNzFiMjVjZDlmYmMw%0AMmUiCmZsYXNoSUM6J0FjdGlvbkNvbnRyb2xsZXI6OkZsYXNoOjpGbGFzaEhh%0Ac2h7AAY6CkB1c2VkewA%3D--59c149b0fad72f7742ab556ea77b374eb8f9c0fd
  Parameters: {"action"=>"index", "controller"=>"posts"}
  [4;36;1mPost Load (0.000000)[0m   [0;1mSELECT * FROM `posts` [0m
Rendering template within layouts/posts
Rendering posts/index
  [4;35;1mPost Columns (0.015000)[0m   [0mSHOW FIELDS FROM `posts`[0m
Completed in 0.06200 (16 reqs/sec) | Rendering: 0.01600 (25%) | DB: 0.01500 (24%) | 200 OK [http://127.0.0.1/posts]


Processing PostsController#destroy (for 127.0.0.1 at 2008-05-21 08:29:45) [DELETE]
  Session ID: BAh7BzoMY3NyZl9pZCIlODFkZmRiYzc5Njg5Yjk5OWZhNzFiMjVjZDlmYmMw%0AMmUiCmZsYXNoSUM6J0FjdGlvbkNvbnRyb2xsZXI6OkZsYXNoOjpGbGFzaEhh%0Ac2h7AAY6CkB1c2VkewA%3D--59c149b0fad72f7742ab556ea77b374eb8f9c0fd
  Parameters: {"authenticity_token"=>"c061db4303b99acea4cac53262d5d0fe2b3d9486", "_method"=>"delete", "action"=>"destroy", "id"=>"5", "controller"=>"posts"}
  [4;36;1mPost Columns (0.000000)[0m   [0;1mSHOW FIELDS FROM `posts`[0m
  [4;35;1mPost Load (0.000000)[0m   [0mSELECT * FROM `posts` WHERE (`posts`.`id` = 5) [0m
  [4;36;1mSQL (0.000000)[0m   [0;1mBEGIN[0m
  [4;35;1mPost Destroy (0.000000)[0m   [0m DELETE FROM `posts`
 WHERE `id` = 5
[0m
  [4;36;1mSQL (0.015000)[0m   [0;1mCOMMIT[0m
Redirected to http://127.0.0.1:3002/posts
Completed in 0.17200 (5 reqs/sec) | DB: 0.01500 (8%) | 302 Found [http://127.0.0.1/posts/5]


Processing PostsController#index (for 127.0.0.1 at 2008-05-21 08:29:46) [GET]
  Session ID: BAh7BzoMY3NyZl9pZCIlODFkZmRiYzc5Njg5Yjk5OWZhNzFiMjVjZDlmYmMw%0AMmUiCmZsYXNoSUM6J0FjdGlvbkNvbnRyb2xsZXI6OkZsYXNoOjpGbGFzaEhh%0Ac2h7AAY6CkB1c2VkewA%3D--59c149b0fad72f7742ab556ea77b374eb8f9c0fd
  Parameters: {"action"=>"index", "controller"=>"posts"}
  [4;35;1mPost Load (0.000000)[0m   [0mSELECT * FROM `posts` [0m
Rendering template within layouts/posts
Rendering posts/index
  [4;36;1mPost Columns (0.016000)[0m   [0;1mSHOW FIELDS FROM `posts`[0m
Completed in 0.09400 (10 reqs/sec) | Rendering: 0.03100 (32%) | DB: 0.01600 (17%) | 200 OK [http://127.0.0.1/posts]
  [4;36;1mSQL (0.000000)[0m   [0;1mSET NAMES 'utf8'[0m
  [4;35;1mSQL (0.000000)[0m   [0mSET SQL_AUTO_IS_NULL=0[0m
  [4;36;1mSQL (0.000000)[0m   [0;1mMysql::Error: Table 'schema_info' already exists: CREATE TABLE `schema_info` (version int(11))[0m
  [4;35;1mSQL (0.000000)[0m   [0mMysql::Error: Table 'schema_info' already exists: CREATE TABLE `schema_info` (version int(11))[0m
  [4;36;1mSQL (0.031000)[0m   [0;1mSELECT version FROM schema_info[0m
  [4;35;1mSQL (0.000000)[0m   [0mSELECT version FROM schema_info[0m
  [4;36;1mSQL (0.000000)[0m   [0;1mSELECT * FROM schema_info[0m
  [4;35;1mSQL (0.000000)[0m   [0mSHOW TABLES[0m
  [4;36;1mSQL (0.031000)[0m   [0;1mSHOW FIELDS FROM `comments`[0m
  [4;35;1mSQL (0.016000)[0m   [0mdescribe `comments`[0m
  [4;36;1mSQL (0.000000)[0m   [0;1mSHOW KEYS FROM `comments`[0m
  [4;35;1mSQL (0.015000)[0m   [0mSHOW FIELDS FROM `posts`[0m
  [4;36;1mSQL (0.016000)[0m   [0;1mdescribe `posts`[0m
  [4;35;1mSQL (0.000000)[0m   [0mSHOW KEYS FROM `posts`[0m


Processing PostsController#index (for 127.0.0.1 at 2008-05-21 09:50:11) [GET]
  Session ID: BAh7BzoMY3NyZl9pZCIlODFkZmRiYzc5Njg5Yjk5OWZhNzFiMjVjZDlmYmMw%0AMmUiCmZsYXNoSUM6J0FjdGlvbkNvbnRyb2xsZXI6OkZsYXNoOjpGbGFzaEhh%0Ac2h7AAY6CkB1c2VkewA%3D--59c149b0fad72f7742ab556ea77b374eb8f9c0fd
  Parameters: {"action"=>"index", "controller"=>"posts"}
  [4;35;1mPost Load (0.016000)[0m   [0mSELECT * FROM `posts` [0m
Rendering template within layouts/posts
Rendering posts/index
  [4;36;1mPost Columns (0.016000)[0m   [0;1mSHOW FIELDS FROM `posts`[0m
Completed in 0.07800 (12 reqs/sec) | Rendering: 0.01500 (19%) | DB: 0.03200 (41%) | 200 OK [http://127.0.0.1/]


Processing CommentsController#index (for 127.0.0.1 at 2008-05-21 09:50:53) [GET]
  Session ID: BAh7BzoMY3NyZl9pZCIlODFkZmRiYzc5Njg5Yjk5OWZhNzFiMjVjZDlmYmMw%0AMmUiCmZsYXNoSUM6J0FjdGlvbkNvbnRyb2xsZXI6OkZsYXNoOjpGbGFzaEhh%0Ac2h7AAY6CkB1c2VkewA%3D--59c149b0fad72f7742ab556ea77b374eb8f9c0fd
  Parameters: {"action"=>"index", "post_id"=>"l", "controller"=>"comments"}
  [4;35;1mPost Columns (0.016000)[0m   [0mSHOW FIELDS FROM `posts`[0m
  [4;36;1mPost Load (0.031000)[0m   [0;1mSELECT * FROM `posts` WHERE (`posts`.`id` = 0) [0m


ActiveRecord::RecordNotFound (Couldn't find Post with ID=l):
    C:/ruby/lib/ruby/gems/1.8/gems/activerecord-2.0.2/lib/active_record/base.rb:1267:in `find_one'
    C:/ruby/lib/ruby/gems/1.8/gems/activerecord-2.0.2/lib/active_record/base.rb:1250:in `find_from_ids'
    C:/ruby/lib/ruby/gems/1.8/gems/activerecord-2.0.2/lib/active_record/base.rb:504:in `find'
    /app/controllers/comments_controller.rb:5:in `load_post'
    C:/ruby/lib/ruby/gems/1.8/gems/actionpack-2.0.2/lib/action_controller/filters.rb:469:in `send!'
    C:/ruby/lib/ruby/gems/1.8/gems/actionpack-2.0.2/lib/action_controller/filters.rb:469:in `call'
    C:/ruby/lib/ruby/gems/1.8/gems/actionpack-2.0.2/lib/action_controller/filters.rb:441:in `run'
    C:/ruby/lib/ruby/gems/1.8/gems/actionpack-2.0.2/lib/action_controller/filters.rb:716:in `run_before_filters'
    C:/ruby/lib/ruby/gems/1.8/gems/actionpack-2.0.2/lib/action_controller/filters.rb:695:in `call_filters'
    C:/ruby/lib/ruby/gems/1.8/gems/actionpack-2.0.2/lib/action_controller/filters.rb:689:in `perform_action_without_benchmark'
    C:/ruby/lib/ruby/gems/1.8/gems/actionpack-2.0.2/lib/action_controller/benchmarking.rb:68:in `perform_action_without_rescue'
    C:/ruby/lib/ruby/1.8/benchmark.rb:293:in `measure'
    C:/ruby/lib/ruby/gems/1.8/gems/actionpack-2.0.2/lib/action_controller/benchmarking.rb:68:in `perform_action_without_rescue'
    C:/ruby/lib/ruby/gems/1.8/gems/actionpack-2.0.2/lib/action_controller/rescue.rb:199:in `perform_action_without_caching'
    C:/ruby/lib/ruby/gems/1.8/gems/actionpack-2.0.2/lib/action_controller/caching.rb:678:in `perform_action'
    C:/ruby/lib/ruby/gems/1.8/gems/activerecord-2.0.2/lib/active_record/connection_adapters/abstract/query_cache.rb:33:in `cache'
    C:/ruby/lib/ruby/gems/1.8/gems/activerecord-2.0.2/lib/active_record/query_cache.rb:8:in `cache'
    C:/ruby/lib/ruby/gems/1.8/gems/actionpack-2.0.2/lib/action_controller/caching.rb:677:in `perform_action'
    C:/ruby/lib/ruby/gems/1.8/gems/actionpack-2.0.2/lib/action_controller/base.rb:524:in `send'
    C:/ruby/lib/ruby/gems/1.8/gems/actionpack-2.0.2/lib/action_controller/base.rb:524:in `process_without_filters'
    C:/ruby/lib/ruby/gems/1.8/gems/actionpack-2.0.2/lib/action_controller/filters.rb:685:in `process_without_session_management_support'
    C:/ruby/lib/ruby/gems/1.8/gems/actionpack-2.0.2/lib/action_controller/session_management.rb:123:in `process'
    C:/ruby/lib/ruby/gems/1.8/gems/actionpack-2.0.2/lib/action_controller/base.rb:388:in `process'
    C:/ruby/lib/ruby/gems/1.8/gems/actionpack-2.0.2/lib/action_controller/dispatcher.rb:171:in `handle_request'
    C:/ruby/lib/ruby/gems/1.8/gems/actionpack-2.0.2/lib/action_controller/dispatcher.rb:115:in `dispatch'
    C:/ruby/lib/ruby/gems/1.8/gems/actionpack-2.0.2/lib/action_controller/dispatcher.rb:126:in `dispatch_cgi'
    C:/ruby/lib/ruby/gems/1.8/gems/actionpack-2.0.2/lib/action_controller/dispatcher.rb:9:in `dispatch'
    C:/ruby/lib/ruby/gems/1.8/gems/mongrel-1.1.2-mswin32/bin/../lib/mongrel/rails.rb:76:in `process'
    C:/ruby/lib/ruby/gems/1.8/gems/mongrel-1.1.2-mswin32/bin/../lib/mongrel/rails.rb:74:in `synchronize'
    C:/ruby/lib/ruby/gems/1.8/gems/mongrel-1.1.2-mswin32/bin/../lib/mongrel/rails.rb:74:in `process'
    C:/ruby/lib/ruby/gems/1.8/gems/mongrel-1.1.2-mswin32/lib/mongrel.rb:159:in `process_client'
    C:/ruby/lib/ruby/gems/1.8/gems/mongrel-1.1.2-mswin32/lib/mongrel.rb:158:in `each'
    C:/ruby/lib/ruby/gems/1.8/gems/mongrel-1.1.2-mswin32/lib/mongrel.rb:158:in `process_client'
    C:/ruby/lib/ruby/gems/1.8/gems/mongrel-1.1.2-mswin32/lib/mongrel.rb:285:in `run'
    C:/ruby/lib/ruby/gems/1.8/gems/mongrel-1.1.2-mswin32/lib/mongrel.rb:285:in `initialize'
    C:/ruby/lib/ruby/gems/1.8/gems/mongrel-1.1.2-mswin32/lib/mongrel.rb:285:in `new'
    C:/ruby/lib/ruby/gems/1.8/gems/mongrel-1.1.2-mswin32/lib/mongrel.rb:285:in `run'
    C:/ruby/lib/ruby/gems/1.8/gems/mongrel-1.1.2-mswin32/lib/mongrel.rb:268:in `initialize'
    C:/ruby/lib/ruby/gems/1.8/gems/mongrel-1.1.2-mswin32/lib/mongrel.rb:268:in `new'
    C:/ruby/lib/ruby/gems/1.8/gems/mongrel-1.1.2-mswin32/lib/mongrel.rb:268:in `run'
    C:/ruby/lib/ruby/gems/1.8/gems/mongrel-1.1.2-mswin32/lib/mongrel/configurator.rb:282:in `run'
    C:/ruby/lib/ruby/gems/1.8/gems/mongrel-1.1.2-mswin32/lib/mongrel/configurator.rb:281:in `each'
    C:/ruby/lib/ruby/gems/1.8/gems/mongrel-1.1.2-mswin32/lib/mongrel/configurator.rb:281:in `run'
    C:/ruby/lib/ruby/gems/1.8/gems/mongrel-1.1.2-mswin32/bin/mongrel_rails:128:in `run'
    C:/ruby/lib/ruby/gems/1.8/gems/mongrel-1.1.2-mswin32/lib/mongrel/command.rb:212:in `run'
    C:/ruby/lib/ruby/gems/1.8/gems/mongrel-1.1.2-mswin32/bin/mongrel_rails:281
    C:/ruby/lib/ruby/gems/1.8/gems/activesupport-2.0.2/lib/active_support/dependencies.rb:489:in `load'
    C:/ruby/lib/ruby/gems/1.8/gems/activesupport-2.0.2/lib/active_support/dependencies.rb:489:in `load'
    C:/ruby/lib/ruby/gems/1.8/gems/activesupport-2.0.2/lib/active_support/dependencies.rb:342:in `new_constants_in'
    C:/ruby/lib/ruby/gems/1.8/gems/activesupport-2.0.2/lib/active_support/dependencies.rb:489:in `load'
    C:/ruby/lib/ruby/gems/1.8/gems/rails-2.0.2/lib/commands/servers/mongrel.rb:64
    C:/ruby/lib/ruby/site_ruby/1.8/rubygems/custom_require.rb:27:in `gem_original_require'
    C:/ruby/lib/ruby/site_ruby/1.8/rubygems/custom_require.rb:27:in `require'
    C:/ruby/lib/ruby/gems/1.8/gems/activesupport-2.0.2/lib/active_support/dependencies.rb:496:in `require'
    C:/ruby/lib/ruby/gems/1.8/gems/activesupport-2.0.2/lib/active_support/dependencies.rb:342:in `new_constants_in'
    C:/ruby/lib/ruby/gems/1.8/gems/activesupport-2.0.2/lib/active_support/dependencies.rb:496:in `require'
    C:/ruby/lib/ruby/gems/1.8/gems/rails-2.0.2/lib/commands/server.rb:39
    C:/ruby/lib/ruby/site_ruby/1.8/rubygems/custom_require.rb:27:in `gem_original_require'
    C:/ruby/lib/ruby/site_ruby/1.8/rubygems/custom_require.rb:27:in `require'
    ./script/server:3
    -e:2:in `load'
    -e:2

Rendering C:/ruby/lib/ruby/gems/1.8/gems/actionpack-2.0.2/lib/action_controller/templates/rescues/layout.erb (not_found)


Processing CommentsController#index (for 127.0.0.1 at 2008-05-21 09:51:16) [GET]
  Session ID: BAh7BzoMY3NyZl9pZCIlODFkZmRiYzc5Njg5Yjk5OWZhNzFiMjVjZDlmYmMw%0AMmUiCmZsYXNoSUM6J0FjdGlvbkNvbnRyb2xsZXI6OkZsYXNoOjpGbGFzaEhh%0Ac2h7AAY6CkB1c2VkewA%3D--59c149b0fad72f7742ab556ea77b374eb8f9c0fd
  Parameters: {"action"=>"index", "post_id"=>"1", "controller"=>"comments"}
  [4;35;1mPost Columns (0.015000)[0m   [0mSHOW FIELDS FROM `posts`[0m
  [4;36;1mPost Load (0.016000)[0m   [0;1mSELECT * FROM `posts` WHERE (`posts`.`id` = 1) [0m
  [4;35;1mComment Load (0.000000)[0m   [0mSELECT * FROM `comments` WHERE (comments.post_id = 1) [0m
Rendering template within layouts/comments
Rendering comments/index
  [4;36;1mComment Columns (0.015000)[0m   [0;1mSHOW FIELDS FROM `comments`[0m
Completed in 0.12500 (8 reqs/sec) | Rendering: 0.03200 (25%) | DB: 0.09300 (74%) | 200 OK [http://127.0.0.1/posts/1/comments]


Processing CommentsController#new (for 127.0.0.1 at 2008-05-21 09:51:35) [GET]
  Session ID: BAh7BzoMY3NyZl9pZCIlODFkZmRiYzc5Njg5Yjk5OWZhNzFiMjVjZDlmYmMw%0AMmUiCmZsYXNoSUM6J0FjdGlvbkNvbnRyb2xsZXI6OkZsYXNoOjpGbGFzaEhh%0Ac2h7AAY6CkB1c2VkewA%3D--59c149b0fad72f7742ab556ea77b374eb8f9c0fd
  Parameters: {"action"=>"new", "post_id"=>"1", "controller"=>"comments"}
  [4;35;1mPost Columns (0.000000)[0m   [0mSHOW FIELDS FROM `posts`[0m
  [4;36;1mPost Load (0.016000)[0m   [0;1mSELECT * FROM `posts` WHERE (`posts`.`id` = 1) [0m
  [4;35;1mComment Columns (0.000000)[0m   [0mSHOW FIELDS FROM `comments`[0m
Rendering template within layouts/comments
Rendering comments/new
Completed in 0.34300 (2 reqs/sec) | Rendering: 0.01500 (4%) | DB: 0.01600 (4%) | 200 OK [http://127.0.0.1/posts/1/comments/new]


Processing CommentsController#create (for 127.0.0.1 at 2008-05-21 09:52:23) [POST]
  Session ID: BAh7BzoMY3NyZl9pZCIlODFkZmRiYzc5Njg5Yjk5OWZhNzFiMjVjZDlmYmMw%0AMmUiCmZsYXNoSUM6J0FjdGlvbkNvbnRyb2xsZXI6OkZsYXNoOjpGbGFzaEhh%0Ac2h7AAY6CkB1c2VkewA%3D--59c149b0fad72f7742ab556ea77b374eb8f9c0fd
  Parameters: {"commit"=>"Create", "authenticity_token"=>"c061db4303b99acea4cac53262d5d0fe2b3d9486", "action"=>"create", "post_id"=>"1", "controller"=>"comments", "comment"=>{"body"=>"At last! Connected comments."}}
  [4;36;1mPost Columns (0.000000)[0m   [0;1mSHOW FIELDS FROM `posts`[0m
  [4;35;1mPost Load (0.015000)[0m   [0mSELECT * FROM `posts` WHERE (`posts`.`id` = 1) [0m
  [4;36;1mComment Columns (0.000000)[0m   [0;1mSHOW FIELDS FROM `comments`[0m
  [4;35;1mSQL (0.000000)[0m   [0mBEGIN[0m
  [4;36;1mComment Create (0.000000)[0m   [0;1mINSERT INTO `comments` (`updated_at`, `body`, `post_id`, `created_at`) VALUES('2008-05-21 09:52:23', 'At last! Connected comments.', 1, '2008-05-21 09:52:23')[0m
  [4;35;1mSQL (0.031000)[0m   [0mCOMMIT[0m
Redirected to http://127.0.0.1:3002/posts/1/comments/5
Completed in 0.12500 (8 reqs/sec) | DB: 0.04600 (36%) | 302 Found [http://127.0.0.1/posts/1/comments]


Processing CommentsController#show (for 127.0.0.1 at 2008-05-21 09:52:24) [GET]
  Session ID: BAh7BzoMY3NyZl9pZCIlODFkZmRiYzc5Njg5Yjk5OWZhNzFiMjVjZDlmYmMw%0AMmUiCmZsYXNoSUM6J0FjdGlvbkNvbnRyb2xsZXI6OkZsYXNoOjpGbGFzaEhh%0Ac2h7BjoLbm90aWNlIiZDb21tZW50IHdhcyBzdWNjZXNzZnVsbHkgY3JlYXRl%0AZC4GOgpAdXNlZHsGOwdU--47dab0074070498e9e6d3d4ff6c0b4392e9e5f77
  Parameters: {"action"=>"show", "post_id"=>"1", "id"=>"5", "controller"=>"comments"}
  [4;36;1mPost Columns (0.016000)[0m   [0;1mSHOW FIELDS FROM `posts`[0m
  [4;35;1mPost Load (0.000000)[0m   [0mSELECT * FROM `posts` WHERE (`posts`.`id` = 1) [0m
  [4;36;1mComment Columns (0.016000)[0m   [0;1mSHOW FIELDS FROM `comments`[0m
  [4;35;1mComment Load (0.000000)[0m   [0mSELECT * FROM `comments` WHERE (`comments`.`id` = 5 AND (comments.post_id = 1)) [0m
Rendering template within layouts/comments
Rendering comments/show
Completed in 0.10900 (9 reqs/sec) | Rendering: 0.01600 (14%) | DB: 0.03200 (29%) | 200 OK [http://127.0.0.1/posts/1/comments/5]


Processing CommentsController#index (for 127.0.0.1 at 2008-05-21 09:52:30) [GET]
  Session ID: BAh7BzoMY3NyZl9pZCIlODFkZmRiYzc5Njg5Yjk5OWZhNzFiMjVjZDlmYmMw%0AMmUiCmZsYXNoSUM6J0FjdGlvbkNvbnRyb2xsZXI6OkZsYXNoOjpGbGFzaEhh%0Ac2h7AAY6CkB1c2VkewA%3D--59c149b0fad72f7742ab556ea77b374eb8f9c0fd
  Parameters: {"action"=>"index", "post_id"=>"1", "controller"=>"comments"}
  [4;36;1mPost Columns (0.016000)[0m   [0;1mSHOW FIELDS FROM `posts`[0m
  [4;35;1mPost Load (0.015000)[0m   [0mSELECT * FROM `posts` WHERE (`posts`.`id` = 1) [0m
  [4;36;1mComment Load (0.000000)[0m   [0;1mSELECT * FROM `comments` WHERE (comments.post_id = 1) [0m
Rendering template within layouts/comments
Rendering comments/index
  [4;35;1mComment Columns (0.016000)[0m   [0mSHOW FIELDS FROM `comments`[0m
Completed in 0.09400 (10 reqs/sec) | Rendering: 0.00000 (0%) | DB: 0.04700 (50%) | 200 OK [http://127.0.0.1/posts/1/comments]


Processing PostsController#index (for 127.0.0.1 at 2008-05-21 09:53:20) [GET]
  Session ID: BAh7BzoMY3NyZl9pZCIlODFkZmRiYzc5Njg5Yjk5OWZhNzFiMjVjZDlmYmMw%0AMmUiCmZsYXNoSUM6J0FjdGlvbkNvbnRyb2xsZXI6OkZsYXNoOjpGbGFzaEhh%0Ac2h7AAY6CkB1c2VkewA%3D--59c149b0fad72f7742ab556ea77b374eb8f9c0fd
  Parameters: {"action"=>"index", "controller"=>"posts"}
  [4;36;1mPost Load (0.000000)[0m   [0;1mSELECT * FROM `posts` [0m
Rendering template within layouts/posts
Rendering posts/index
  [4;35;1mPost Columns (0.016000)[0m   [0mSHOW FIELDS FROM `posts`[0m
Completed in 0.06300 (15 reqs/sec) | Rendering: 0.01600 (25%) | DB: 0.01600 (25%) | 200 OK [http://127.0.0.1/posts]


Processing CommentsController#index (for 127.0.0.1 at 2008-05-21 09:53:46) [GET]
  Session ID: BAh7BzoMY3NyZl9pZCIlODFkZmRiYzc5Njg5Yjk5OWZhNzFiMjVjZDlmYmMw%0AMmUiCmZsYXNoSUM6J0FjdGlvbkNvbnRyb2xsZXI6OkZsYXNoOjpGbGFzaEhh%0Ac2h7AAY6CkB1c2VkewA%3D--59c149b0fad72f7742ab556ea77b374eb8f9c0fd
  Parameters: {"action"=>"index", "controller"=>"comments"}


ActiveRecord::RecordNotFound (Couldn't find Post without an ID):
    C:/ruby/lib/ruby/gems/1.8/gems/activerecord-2.0.2/lib/active_record/base.rb:1248:in `find_from_ids'
    C:/ruby/lib/ruby/gems/1.8/gems/activerecord-2.0.2/lib/active_record/base.rb:504:in `find'
    /app/controllers/comments_controller.rb:5:in `load_post'
    C:/ruby/lib/ruby/gems/1.8/gems/actionpack-2.0.2/lib/action_controller/filters.rb:469:in `send!'
    C:/ruby/lib/ruby/gems/1.8/gems/actionpack-2.0.2/lib/action_controller/filters.rb:469:in `call'
    C:/ruby/lib/ruby/gems/1.8/gems/actionpack-2.0.2/lib/action_controller/filters.rb:441:in `run'
    C:/ruby/lib/ruby/gems/1.8/gems/actionpack-2.0.2/lib/action_controller/filters.rb:716:in `run_before_filters'
    C:/ruby/lib/ruby/gems/1.8/gems/actionpack-2.0.2/lib/action_controller/filters.rb:695:in `call_filters'
    C:/ruby/lib/ruby/gems/1.8/gems/actionpack-2.0.2/lib/action_controller/filters.rb:689:in `perform_action_without_benchmark'
    C:/ruby/lib/ruby/gems/1.8/gems/actionpack-2.0.2/lib/action_controller/benchmarking.rb:68:in `perform_action_without_rescue'
    C:/ruby/lib/ruby/1.8/benchmark.rb:293:in `measure'
    C:/ruby/lib/ruby/gems/1.8/gems/actionpack-2.0.2/lib/action_controller/benchmarking.rb:68:in `perform_action_without_rescue'
    C:/ruby/lib/ruby/gems/1.8/gems/actionpack-2.0.2/lib/action_controller/rescue.rb:199:in `perform_action_without_caching'
    C:/ruby/lib/ruby/gems/1.8/gems/actionpack-2.0.2/lib/action_controller/caching.rb:678:in `perform_action'
    C:/ruby/lib/ruby/gems/1.8/gems/activerecord-2.0.2/lib/active_record/connection_adapters/abstract/query_cache.rb:33:in `cache'
    C:/ruby/lib/ruby/gems/1.8/gems/activerecord-2.0.2/lib/active_record/query_cache.rb:8:in `cache'
    C:/ruby/lib/ruby/gems/1.8/gems/actionpack-2.0.2/lib/action_controller/caching.rb:677:in `perform_action'
    C:/ruby/lib/ruby/gems/1.8/gems/actionpack-2.0.2/lib/action_controller/base.rb:524:in `send'
    C:/ruby/lib/ruby/gems/1.8/gems/actionpack-2.0.2/lib/action_controller/base.rb:524:in `process_without_filters'
    C:/ruby/lib/ruby/gems/1.8/gems/actionpack-2.0.2/lib/action_controller/filters.rb:685:in `process_without_session_management_support'
    C:/ruby/lib/ruby/gems/1.8/gems/actionpack-2.0.2/lib/action_controller/session_management.rb:123:in `process'
    C:/ruby/lib/ruby/gems/1.8/gems/actionpack-2.0.2/lib/action_controller/base.rb:388:in `process'
    C:/ruby/lib/ruby/gems/1.8/gems/actionpack-2.0.2/lib/action_controller/dispatcher.rb:171:in `handle_request'
    C:/ruby/lib/ruby/gems/1.8/gems/actionpack-2.0.2/lib/action_controller/dispatcher.rb:115:in `dispatch'
    C:/ruby/lib/ruby/gems/1.8/gems/actionpack-2.0.2/lib/action_controller/dispatcher.rb:126:in `dispatch_cgi'
    C:/ruby/lib/ruby/gems/1.8/gems/actionpack-2.0.2/lib/action_controller/dispatcher.rb:9:in `dispatch'
    C:/ruby/lib/ruby/gems/1.8/gems/mongrel-1.1.2-mswin32/bin/../lib/mongrel/rails.rb:76:in `process'
    C:/ruby/lib/ruby/gems/1.8/gems/mongrel-1.1.2-mswin32/bin/../lib/mongrel/rails.rb:74:in `synchronize'
    C:/ruby/lib/ruby/gems/1.8/gems/mongrel-1.1.2-mswin32/bin/../lib/mongrel/rails.rb:74:in `process'
    C:/ruby/lib/ruby/gems/1.8/gems/mongrel-1.1.2-mswin32/lib/mongrel.rb:159:in `process_client'
    C:/ruby/lib/ruby/gems/1.8/gems/mongrel-1.1.2-mswin32/lib/mongrel.rb:158:in `each'
    C:/ruby/lib/ruby/gems/1.8/gems/mongrel-1.1.2-mswin32/lib/mongrel.rb:158:in `process_client'
    C:/ruby/lib/ruby/gems/1.8/gems/mongrel-1.1.2-mswin32/lib/mongrel.rb:285:in `run'
    C:/ruby/lib/ruby/gems/1.8/gems/mongrel-1.1.2-mswin32/lib/mongrel.rb:285:in `initialize'
    C:/ruby/lib/ruby/gems/1.8/gems/mongrel-1.1.2-mswin32/lib/mongrel.rb:285:in `new'
    C:/ruby/lib/ruby/gems/1.8/gems/mongrel-1.1.2-mswin32/lib/mongrel.rb:285:in `run'
    C:/ruby/lib/ruby/gems/1.8/gems/mongrel-1.1.2-mswin32/lib/mongrel.rb:268:in `initialize'
    C:/ruby/lib/ruby/gems/1.8/gems/mongrel-1.1.2-mswin32/lib/mongrel.rb:268:in `new'
    C:/ruby/lib/ruby/gems/1.8/gems/mongrel-1.1.2-mswin32/lib/mongrel.rb:268:in `run'
    C:/ruby/lib/ruby/gems/1.8/gems/mongrel-1.1.2-mswin32/lib/mongrel/configurator.rb:282:in `run'
    C:/ruby/lib/ruby/gems/1.8/gems/mongrel-1.1.2-mswin32/lib/mongrel/configurator.rb:281:in `each'
    C:/ruby/lib/ruby/gems/1.8/gems/mongrel-1.1.2-mswin32/lib/mongrel/configurator.rb:281:in `run'
    C:/ruby/lib/ruby/gems/1.8/gems/mongrel-1.1.2-mswin32/bin/mongrel_rails:128:in `run'
    C:/ruby/lib/ruby/gems/1.8/gems/mongrel-1.1.2-mswin32/lib/mongrel/command.rb:212:in `run'
    C:/ruby/lib/ruby/gems/1.8/gems/mongrel-1.1.2-mswin32/bin/mongrel_rails:281
    C:/ruby/lib/ruby/gems/1.8/gems/activesupport-2.0.2/lib/active_support/dependencies.rb:489:in `load'
    C:/ruby/lib/ruby/gems/1.8/gems/activesupport-2.0.2/lib/active_support/dependencies.rb:489:in `load'
    C:/ruby/lib/ruby/gems/1.8/gems/activesupport-2.0.2/lib/active_support/dependencies.rb:342:in `new_constants_in'
    C:/ruby/lib/ruby/gems/1.8/gems/activesupport-2.0.2/lib/active_support/dependencies.rb:489:in `load'
    C:/ruby/lib/ruby/gems/1.8/gems/rails-2.0.2/lib/commands/servers/mongrel.rb:64
    C:/ruby/lib/ruby/site_ruby/1.8/rubygems/custom_require.rb:27:in `gem_original_require'
    C:/ruby/lib/ruby/site_ruby/1.8/rubygems/custom_require.rb:27:in `require'
    C:/ruby/lib/ruby/gems/1.8/gems/activesupport-2.0.2/lib/active_support/dependencies.rb:496:in `require'
    C:/ruby/lib/ruby/gems/1.8/gems/activesupport-2.0.2/lib/active_support/dependencies.rb:342:in `new_constants_in'
    C:/ruby/lib/ruby/gems/1.8/gems/activesupport-2.0.2/lib/active_support/dependencies.rb:496:in `require'
    C:/ruby/lib/ruby/gems/1.8/gems/rails-2.0.2/lib/commands/server.rb:39
    C:/ruby/lib/ruby/site_ruby/1.8/rubygems/custom_require.rb:27:in `gem_original_require'
    C:/ruby/lib/ruby/site_ruby/1.8/rubygems/custom_require.rb:27:in `require'
    ./script/server:3
    -e:2:in `load'
    -e:2

Rendering C:/ruby/lib/ruby/gems/1.8/gems/actionpack-2.0.2/lib/action_controller/templates/rescues/layout.erb (not_found)


Processing PostsController#index (for 127.0.0.1 at 2008-05-21 09:55:45) [GET]
  Session ID: BAh7BzoMY3NyZl9pZCIlODFkZmRiYzc5Njg5Yjk5OWZhNzFiMjVjZDlmYmMw%0AMmUiCmZsYXNoSUM6J0FjdGlvbkNvbnRyb2xsZXI6OkZsYXNoOjpGbGFzaEhh%0Ac2h7AAY6CkB1c2VkewA%3D--59c149b0fad72f7742ab556ea77b374eb8f9c0fd
  Parameters: {"action"=>"index", "controller"=>"posts"}
  [4;36;1mPost Load (0.000000)[0m   [0;1mSELECT * FROM `posts` [0m
Rendering template within layouts/posts
Rendering posts/index
  [4;35;1mPost Columns (0.016000)[0m   [0mSHOW FIELDS FROM `posts`[0m
Completed in 0.07800 (12 reqs/sec) | Rendering: 0.01600 (20%) | DB: 0.01600 (20%) | 200 OK [http://127.0.0.1/]


Processing PostsController#show (for 127.0.0.1 at 2008-05-21 09:55:58) [GET]
  Session ID: BAh7BzoMY3NyZl9pZCIlODFkZmRiYzc5Njg5Yjk5OWZhNzFiMjVjZDlmYmMw%0AMmUiCmZsYXNoSUM6J0FjdGlvbkNvbnRyb2xsZXI6OkZsYXNoOjpGbGFzaEhh%0Ac2h7AAY6CkB1c2VkewA%3D--59c149b0fad72f7742ab556ea77b374eb8f9c0fd
  Parameters: {"action"=>"show", "id"=>"1", "controller"=>"posts"}
  [4;36;1mPost Columns (0.016000)[0m   [0;1mSHOW FIELDS FROM `posts`[0m
  [4;35;1mPost Load (0.031000)[0m   [0mSELECT * FROM `posts` WHERE (`posts`.`id` = 1) [0m
Rendering template within layouts/posts
Rendering posts/show
Completed in 0.09300 (10 reqs/sec) | Rendering: 0.01500 (16%) | DB: 0.04700 (50%) | 200 OK [http://127.0.0.1/posts/1]


Processing PostsController#index (for 127.0.0.1 at 2008-05-21 09:56:16) [GET]
  Session ID: BAh7BzoMY3NyZl9pZCIlODFkZmRiYzc5Njg5Yjk5OWZhNzFiMjVjZDlmYmMw%0AMmUiCmZsYXNoSUM6J0FjdGlvbkNvbnRyb2xsZXI6OkZsYXNoOjpGbGFzaEhh%0Ac2h7AAY6CkB1c2VkewA%3D--59c149b0fad72f7742ab556ea77b374eb8f9c0fd
  Parameters: {"action"=>"index", "controller"=>"posts"}
  [4;36;1mPost Load (0.000000)[0m   [0;1mSELECT * FROM `posts` [0m
Rendering template within layouts/posts
Rendering posts/index
  [4;35;1mPost Columns (0.016000)[0m   [0mSHOW FIELDS FROM `posts`[0m
Completed in 0.06300 (15 reqs/sec) | Rendering: 0.01600 (25%) | DB: 0.01600 (25%) | 200 OK [http://127.0.0.1/posts]


Processing PostsController#show (for 127.0.0.1 at 2008-05-21 09:56:21) [GET]
  Session ID: BAh7BzoMY3NyZl9pZCIlODFkZmRiYzc5Njg5Yjk5OWZhNzFiMjVjZDlmYmMw%0AMmUiCmZsYXNoSUM6J0FjdGlvbkNvbnRyb2xsZXI6OkZsYXNoOjpGbGFzaEhh%0Ac2h7AAY6CkB1c2VkewA%3D--59c149b0fad72f7742ab556ea77b374eb8f9c0fd
  Parameters: {"action"=>"show", "id"=>"2", "controller"=>"posts"}
  [4;36;1mPost Columns (0.016000)[0m   [0;1mSHOW FIELDS FROM `posts`[0m
  [4;35;1mPost Load (0.015000)[0m   [0mSELECT * FROM `posts` WHERE (`posts`.`id` = 2) [0m
Rendering template within layouts/posts
Rendering posts/show
Completed in 0.06200 (16 reqs/sec) | Rendering: 0.00000 (0%) | DB: 0.03100 (50%) | 200 OK [http://127.0.0.1/posts/2]


Processing CommentsController#index (for 127.0.0.1 at 2008-05-21 09:56:47) [GET]
  Session ID: BAh7BzoMY3NyZl9pZCIlODFkZmRiYzc5Njg5Yjk5OWZhNzFiMjVjZDlmYmMw%0AMmUiCmZsYXNoSUM6J0FjdGlvbkNvbnRyb2xsZXI6OkZsYXNoOjpGbGFzaEhh%0Ac2h7AAY6CkB1c2VkewA%3D--59c149b0fad72f7742ab556ea77b374eb8f9c0fd
  Parameters: {"action"=>"index", "post_id"=>"2", "controller"=>"comments"}
  [4;36;1mPost Columns (0.000000)[0m   [0;1mSHOW FIELDS FROM `posts`[0m
  [4;35;1mPost Load (0.000000)[0m   [0mSELECT * FROM `posts` WHERE (`posts`.`id` = 2) [0m
  [4;36;1mComment Load (0.000000)[0m   [0;1mSELECT * FROM `comments` WHERE (comments.post_id = 2) [0m
Rendering template within layouts/comments
Rendering comments/index
  [4;35;1mComment Columns (0.015000)[0m   [0mSHOW FIELDS FROM `comments`[0m
Completed in 0.10900 (9 reqs/sec) | Rendering: 0.01600 (14%) | DB: 0.01500 (13%) | 200 OK [http://127.0.0.1/posts/2/comments]


Processing CommentsController#show (for 127.0.0.1 at 2008-05-21 09:57:02) [GET]
  Session ID: BAh7BzoMY3NyZl9pZCIlODFkZmRiYzc5Njg5Yjk5OWZhNzFiMjVjZDlmYmMw%0AMmUiCmZsYXNoSUM6J0FjdGlvbkNvbnRyb2xsZXI6OkZsYXNoOjpGbGFzaEhh%0Ac2h7AAY6CkB1c2VkewA%3D--59c149b0fad72f7742ab556ea77b374eb8f9c0fd
  Parameters: {"action"=>"show", "post_id"=>"2", "id"=>"3", "controller"=>"comments"}
  [4;36;1mPost Columns (0.000000)[0m   [0;1mSHOW FIELDS FROM `posts`[0m
  [4;35;1mPost Load (0.016000)[0m   [0mSELECT * FROM `posts` WHERE (`posts`.`id` = 2) [0m
  [4;36;1mComment Columns (0.000000)[0m   [0;1mSHOW FIELDS FROM `comments`[0m
  [4;35;1mComment Load (0.016000)[0m   [0mSELECT * FROM `comments` WHERE (`comments`.`id` = 3 AND (comments.post_id = 2)) [0m
Rendering template within layouts/comments
Rendering comments/show
Completed in 0.10900 (9 reqs/sec) | Rendering: 0.01500 (13%) | DB: 0.03200 (29%) | 200 OK [http://127.0.0.1/posts/2/comments/3]


Processing CommentsController#index (for 127.0.0.1 at 2008-05-21 09:57:09) [GET]
  Session ID: BAh7BzoMY3NyZl9pZCIlODFkZmRiYzc5Njg5Yjk5OWZhNzFiMjVjZDlmYmMw%0AMmUiCmZsYXNoSUM6J0FjdGlvbkNvbnRyb2xsZXI6OkZsYXNoOjpGbGFzaEhh%0Ac2h7AAY6CkB1c2VkewA%3D--59c149b0fad72f7742ab556ea77b374eb8f9c0fd
  Parameters: {"action"=>"index", "post_id"=>"2", "controller"=>"comments"}
  [4;36;1mPost Columns (0.015000)[0m   [0;1mSHOW FIELDS FROM `posts`[0m
  [4;35;1mPost Load (0.000000)[0m   [0mSELECT * FROM `posts` WHERE (`posts`.`id` = 2) [0m
  [4;36;1mComment Load (0.000000)[0m   [0;1mSELECT * FROM `comments` WHERE (comments.post_id = 2) [0m
Rendering template within layouts/comments
Rendering comments/index
  [4;35;1mComment Columns (0.000000)[0m   [0mSHOW FIELDS FROM `comments`[0m
Completed in 0.29700 (3 reqs/sec) | Rendering: 0.03100 (10%) | DB: 0.01500 (5%) | 200 OK [http://127.0.0.1/posts/2/comments]


Processing CommentsController#show (for 127.0.0.1 at 2008-05-21 09:57:13) [GET]
  Session ID: BAh7BzoMY3NyZl9pZCIlODFkZmRiYzc5Njg5Yjk5OWZhNzFiMjVjZDlmYmMw%0AMmUiCmZsYXNoSUM6J0FjdGlvbkNvbnRyb2xsZXI6OkZsYXNoOjpGbGFzaEhh%0Ac2h7AAY6CkB1c2VkewA%3D--59c149b0fad72f7742ab556ea77b374eb8f9c0fd
  Parameters: {"action"=>"show", "post_id"=>"2", "id"=>"4", "controller"=>"comments"}
  [4;36;1mPost Columns (0.016000)[0m   [0;1mSHOW FIELDS FROM `posts`[0m
  [4;35;1mPost Load (0.000000)[0m   [0mSELECT * FROM `posts` WHERE (`posts`.`id` = 2) [0m
  [4;36;1mComment Columns (0.000000)[0m   [0;1mSHOW FIELDS FROM `comments`[0m
  [4;35;1mComment Load (0.000000)[0m   [0mSELECT * FROM `comments` WHERE (`comments`.`id` = 4 AND (comments.post_id = 2)) [0m
Rendering template within layouts/comments
Rendering comments/show
Completed in 0.09400 (10 reqs/sec) | Rendering: 0.01600 (17%) | DB: 0.01600 (17%) | 200 OK [http://127.0.0.1/posts/2/comments/4]


Processing CommentsController#index (for 127.0.0.1 at 2008-05-21 09:57:16) [GET]
  Session ID: BAh7BzoMY3NyZl9pZCIlODFkZmRiYzc5Njg5Yjk5OWZhNzFiMjVjZDlmYmMw%0AMmUiCmZsYXNoSUM6J0FjdGlvbkNvbnRyb2xsZXI6OkZsYXNoOjpGbGFzaEhh%0Ac2h7AAY6CkB1c2VkewA%3D--59c149b0fad72f7742ab556ea77b374eb8f9c0fd
  Parameters: {"action"=>"index", "post_id"=>"2", "controller"=>"comments"}
  [4;36;1mPost Columns (0.000000)[0m   [0;1mSHOW FIELDS FROM `posts`[0m
  [4;35;1mPost Load (0.015000)[0m   [0mSELECT * FROM `posts` WHERE (`posts`.`id` = 2) [0m
  [4;36;1mComment Load (0.000000)[0m   [0;1mSELECT * FROM `comments` WHERE (comments.post_id = 2) [0m
Rendering template within layouts/comments
Rendering comments/index
  [4;35;1mComment Columns (0.016000)[0m   [0mSHOW FIELDS FROM `comments`[0m
Completed in 0.09400 (10 reqs/sec) | Rendering: 0.01600 (17%) | DB: 0.03100 (32%) | 200 OK [http://127.0.0.1/posts/2/comments]


Processing CommentsController#edit (for 127.0.0.1 at 2008-05-21 09:57:21) [GET]
  Session ID: BAh7BzoMY3NyZl9pZCIlODFkZmRiYzc5Njg5Yjk5OWZhNzFiMjVjZDlmYmMw%0AMmUiCmZsYXNoSUM6J0FjdGlvbkNvbnRyb2xsZXI6OkZsYXNoOjpGbGFzaEhh%0Ac2h7AAY6CkB1c2VkewA%3D--59c149b0fad72f7742ab556ea77b374eb8f9c0fd
  Parameters: {"action"=>"edit", "post_id"=>"2", "id"=>"3", "controller"=>"comments"}
  [4;36;1mPost Columns (0.016000)[0m   [0;1mSHOW FIELDS FROM `posts`[0m
  [4;35;1mPost Load (0.016000)[0m   [0mSELECT * FROM `posts` WHERE (`posts`.`id` = 2) [0m
  [4;36;1mComment Columns (0.016000)[0m   [0;1mSHOW FIELDS FROM `comments`[0m
  [4;35;1mComment Load (0.000000)[0m   [0mSELECT * FROM `comments` WHERE (`comments`.`id` = 3 AND (comments.post_id = 2)) [0m
Rendering template within layouts/comments
Rendering comments/edit
Completed in 0.10900 (9 reqs/sec) | Rendering: 0.01600 (14%) | DB: 0.04800 (44%) | 200 OK [http://127.0.0.1/posts/2/comments/3/edit]


Processing CommentsController#update (for 127.0.0.1 at 2008-05-21 09:58:04) [PUT]
  Session ID: BAh7BzoMY3NyZl9pZCIlODFkZmRiYzc5Njg5Yjk5OWZhNzFiMjVjZDlmYmMw%0AMmUiCmZsYXNoSUM6J0FjdGlvbkNvbnRyb2xsZXI6OkZsYXNoOjpGbGFzaEhh%0Ac2h7AAY6CkB1c2VkewA%3D--59c149b0fad72f7742ab556ea77b374eb8f9c0fd
  Parameters: {"commit"=>"Update", "authenticity_token"=>"c061db4303b99acea4cac53262d5d0fe2b3d9486", "_method"=>"put", "action"=>"update", "post_id"=>"2", "id"=>"3", "controller"=>"comments", "comment"=>{"body"=>"Dr. Pangloss, I presume?"}}
  [4;36;1mPost Columns (0.015000)[0m   [0;1mSHOW FIELDS FROM `posts`[0m
  [4;35;1mPost Load (0.000000)[0m   [0mSELECT * FROM `posts` WHERE (`posts`.`id` = 2) [0m
  [4;36;1mComment Columns (0.015000)[0m   [0;1mSHOW FIELDS FROM `comments`[0m
  [4;35;1mComment Load (0.000000)[0m   [0mSELECT * FROM `comments` WHERE (`comments`.`id` = 3 AND (comments.post_id = 2)) [0m
  [4;36;1mSQL (0.000000)[0m   [0;1mBEGIN[0m
  [4;35;1mComment Update (0.000000)[0m   [0mUPDATE `comments` SET `created_at` = '2008-05-18 13:01:53', `body` = 'Dr. Pangloss, I presume?', `updated_at` = '2008-05-21 09:58:04', `post_id` = 2 WHERE `id` = 3[0m
  [4;36;1mSQL (0.031000)[0m   [0;1mCOMMIT[0m
Redirected to http://127.0.0.1:3002/posts/2/comments/3
Completed in 0.12500 (8 reqs/sec) | DB: 0.06100 (48%) | 302 Found [http://127.0.0.1/posts/2/comments/3]


Processing CommentsController#show (for 127.0.0.1 at 2008-05-21 09:58:04) [GET]
  Session ID: BAh7BzoMY3NyZl9pZCIlODFkZmRiYzc5Njg5Yjk5OWZhNzFiMjVjZDlmYmMw%0AMmUiCmZsYXNoSUM6J0FjdGlvbkNvbnRyb2xsZXI6OkZsYXNoOjpGbGFzaEhh%0Ac2h7BjoLbm90aWNlIiZDb21tZW50IHdhcyBzdWNjZXNzZnVsbHkgdXBkYXRl%0AZC4GOgpAdXNlZHsGOwdU--df6eb551338b7a795f1651da10212c66d48326ab
  Parameters: {"action"=>"show", "post_id"=>"2", "id"=>"3", "controller"=>"comments"}
  [4;35;1mPost Columns (0.016000)[0m   [0mSHOW FIELDS FROM `posts`[0m
  [4;36;1mPost Load (0.015000)[0m   [0;1mSELECT * FROM `posts` WHERE (`posts`.`id` = 2) [0m
  [4;35;1mComment Columns (0.000000)[0m   [0mSHOW FIELDS FROM `comments`[0m
  [4;36;1mComment Load (0.000000)[0m   [0;1mSELECT * FROM `comments` WHERE (`comments`.`id` = 3 AND (comments.post_id = 2)) [0m
Rendering template within layouts/comments
Rendering comments/show
Completed in 0.26500 (3 reqs/sec) | Rendering: 0.00000 (0%) | DB: 0.03100 (11%) | 200 OK [http://127.0.0.1/posts/2/comments/3]


Processing CommentsController#index (for 127.0.0.1 at 2008-05-21 09:58:09) [GET]
  Session ID: BAh7BzoMY3NyZl9pZCIlODFkZmRiYzc5Njg5Yjk5OWZhNzFiMjVjZDlmYmMw%0AMmUiCmZsYXNoSUM6J0FjdGlvbkNvbnRyb2xsZXI6OkZsYXNoOjpGbGFzaEhh%0Ac2h7AAY6CkB1c2VkewA%3D--59c149b0fad72f7742ab556ea77b374eb8f9c0fd
  Parameters: {"action"=>"index", "post_id"=>"2", "controller"=>"comments"}
  [4;35;1mPost Columns (0.000000)[0m   [0mSHOW FIELDS FROM `posts`[0m
  [4;36;1mPost Load (0.000000)[0m   [0;1mSELECT * FROM `posts` WHERE (`posts`.`id` = 2) [0m
  [4;35;1mComment Load (0.000000)[0m   [0mSELECT * FROM `comments` WHERE (comments.post_id = 2) [0m
Rendering template within layouts/comments
Rendering comments/index
  [4;36;1mComment Columns (0.015000)[0m   [0;1mSHOW FIELDS FROM `comments`[0m
Completed in 0.14100 (7 reqs/sec) | Rendering: 0.04800 (34%) | DB: 0.01500 (10%) | 200 OK [http://127.0.0.1/posts/2/comments]


Processing CommentsController#destroy (for 127.0.0.1 at 2008-05-21 09:58:18) [DELETE]
  Session ID: BAh7BzoMY3NyZl9pZCIlODFkZmRiYzc5Njg5Yjk5OWZhNzFiMjVjZDlmYmMw%0AMmUiCmZsYXNoSUM6J0FjdGlvbkNvbnRyb2xsZXI6OkZsYXNoOjpGbGFzaEhh%0Ac2h7AAY6CkB1c2VkewA%3D--59c149b0fad72f7742ab556ea77b374eb8f9c0fd
  Parameters: {"authenticity_token"=>"c061db4303b99acea4cac53262d5d0fe2b3d9486", "_method"=>"delete", "action"=>"destroy", "post_id"=>"2", "id"=>"4", "controller"=>"comments"}
  [4;35;1mPost Columns (0.015000)[0m   [0mSHOW FIELDS FROM `posts`[0m
  [4;36;1mPost Load (0.000000)[0m   [0;1mSELECT * FROM `posts` WHERE (`posts`.`id` = 2) [0m
  [4;35;1mComment Columns (0.015000)[0m   [0mSHOW FIELDS FROM `comments`[0m
  [4;36;1mComment Load (0.000000)[0m   [0;1mSELECT * FROM `comments` WHERE (`comments`.`id` = 4 AND (comments.post_id = 2)) [0m
  [4;35;1mSQL (0.000000)[0m   [0mBEGIN[0m
  [4;36;1mComment Destroy (0.000000)[0m   [0;1m DELETE FROM `comments`
 WHERE `id` = 4
[0m
  [4;35;1mSQL (0.015000)[0m   [0mCOMMIT[0m
Redirected to http://127.0.0.1:3002/posts/2/comments/4
Completed in 0.12500 (8 reqs/sec) | DB: 0.04500 (36%) | 302 Found [http://127.0.0.1/posts/2/comments/4]


Processing CommentsController#show (for 127.0.0.1 at 2008-05-21 09:58:19) [GET]
  Session ID: BAh7BzoMY3NyZl9pZCIlODFkZmRiYzc5Njg5Yjk5OWZhNzFiMjVjZDlmYmMw%0AMmUiCmZsYXNoSUM6J0FjdGlvbkNvbnRyb2xsZXI6OkZsYXNoOjpGbGFzaEhh%0Ac2h7AAY6CkB1c2VkewA%3D--59c149b0fad72f7742ab556ea77b374eb8f9c0fd
  Parameters: {"action"=>"show", "post_id"=>"2", "id"=>"4", "controller"=>"comments"}
  [4;36;1mPost Columns (0.000000)[0m   [0;1mSHOW FIELDS FROM `posts`[0m
  [4;35;1mPost Load (0.000000)[0m   [0mSELECT * FROM `posts` WHERE (`posts`.`id` = 2) [0m
  [4;36;1mComment Columns (0.000000)[0m   [0;1mSHOW FIELDS FROM `comments`[0m
  [4;35;1mComment Load (0.016000)[0m   [0mSELECT * FROM `comments` WHERE (`comments`.`id` = 4 AND (comments.post_id = 2)) [0m


ActiveRecord::RecordNotFound (Couldn't find Comment with ID=4 AND (comments.post_id = 2)):
    C:/ruby/lib/ruby/gems/1.8/gems/activerecord-2.0.2/lib/active_record/base.rb:1267:in `find_one'
    C:/ruby/lib/ruby/gems/1.8/gems/activerecord-2.0.2/lib/active_record/base.rb:1250:in `find_from_ids'
    C:/ruby/lib/ruby/gems/1.8/gems/activerecord-2.0.2/lib/active_record/base.rb:504:in `find'
    C:/ruby/lib/ruby/gems/1.8/gems/activerecord-2.0.2/lib/active_record/associations/has_many_association.rb:66:in `find'
    /app/controllers/comments_controller.rb:21:in `show'
    C:/ruby/lib/ruby/gems/1.8/gems/actionpack-2.0.2/lib/action_controller/base.rb:1158:in `send'
    C:/ruby/lib/ruby/gems/1.8/gems/actionpack-2.0.2/lib/action_controller/base.rb:1158:in `perform_action_without_filters'
    C:/ruby/lib/ruby/gems/1.8/gems/actionpack-2.0.2/lib/action_controller/filters.rb:697:in `call_filters'
    C:/ruby/lib/ruby/gems/1.8/gems/actionpack-2.0.2/lib/action_controller/filters.rb:689:in `perform_action_without_benchmark'
    C:/ruby/lib/ruby/gems/1.8/gems/actionpack-2.0.2/lib/action_controller/benchmarking.rb:68:in `perform_action_without_rescue'
    C:/ruby/lib/ruby/1.8/benchmark.rb:293:in `measure'
    C:/ruby/lib/ruby/gems/1.8/gems/actionpack-2.0.2/lib/action_controller/benchmarking.rb:68:in `perform_action_without_rescue'
    C:/ruby/lib/ruby/gems/1.8/gems/actionpack-2.0.2/lib/action_controller/rescue.rb:199:in `perform_action_without_caching'
    C:/ruby/lib/ruby/gems/1.8/gems/actionpack-2.0.2/lib/action_controller/caching.rb:678:in `perform_action'
    C:/ruby/lib/ruby/gems/1.8/gems/activerecord-2.0.2/lib/active_record/connection_adapters/abstract/query_cache.rb:33:in `cache'
    C:/ruby/lib/ruby/gems/1.8/gems/activerecord-2.0.2/lib/active_record/query_cache.rb:8:in `cache'
    C:/ruby/lib/ruby/gems/1.8/gems/actionpack-2.0.2/lib/action_controller/caching.rb:677:in `perform_action'
    C:/ruby/lib/ruby/gems/1.8/gems/actionpack-2.0.2/lib/action_controller/base.rb:524:in `send'
    C:/ruby/lib/ruby/gems/1.8/gems/actionpack-2.0.2/lib/action_controller/base.rb:524:in `process_without_filters'
    C:/ruby/lib/ruby/gems/1.8/gems/actionpack-2.0.2/lib/action_controller/filters.rb:685:in `process_without_session_management_support'
    C:/ruby/lib/ruby/gems/1.8/gems/actionpack-2.0.2/lib/action_controller/session_management.rb:123:in `process'
    C:/ruby/lib/ruby/gems/1.8/gems/actionpack-2.0.2/lib/action_controller/base.rb:388:in `process'
    C:/ruby/lib/ruby/gems/1.8/gems/actionpack-2.0.2/lib/action_controller/dispatcher.rb:171:in `handle_request'
    C:/ruby/lib/ruby/gems/1.8/gems/actionpack-2.0.2/lib/action_controller/dispatcher.rb:115:in `dispatch'
    C:/ruby/lib/ruby/gems/1.8/gems/actionpack-2.0.2/lib/action_controller/dispatcher.rb:126:in `dispatch_cgi'
    C:/ruby/lib/ruby/gems/1.8/gems/actionpack-2.0.2/lib/action_controller/dispatcher.rb:9:in `dispatch'
    C:/ruby/lib/ruby/gems/1.8/gems/mongrel-1.1.2-mswin32/bin/../lib/mongrel/rails.rb:76:in `process'
    C:/ruby/lib/ruby/gems/1.8/gems/mongrel-1.1.2-mswin32/bin/../lib/mongrel/rails.rb:74:in `synchronize'
    C:/ruby/lib/ruby/gems/1.8/gems/mongrel-1.1.2-mswin32/bin/../lib/mongrel/rails.rb:74:in `process'
    C:/ruby/lib/ruby/gems/1.8/gems/mongrel-1.1.2-mswin32/lib/mongrel.rb:159:in `process_client'
    C:/ruby/lib/ruby/gems/1.8/gems/mongrel-1.1.2-mswin32/lib/mongrel.rb:158:in `each'
    C:/ruby/lib/ruby/gems/1.8/gems/mongrel-1.1.2-mswin32/lib/mongrel.rb:158:in `process_client'
    C:/ruby/lib/ruby/gems/1.8/gems/mongrel-1.1.2-mswin32/lib/mongrel.rb:285:in `run'
    C:/ruby/lib/ruby/gems/1.8/gems/mongrel-1.1.2-mswin32/lib/mongrel.rb:285:in `initialize'
    C:/ruby/lib/ruby/gems/1.8/gems/mongrel-1.1.2-mswin32/lib/mongrel.rb:285:in `new'
    C:/ruby/lib/ruby/gems/1.8/gems/mongrel-1.1.2-mswin32/lib/mongrel.rb:285:in `run'
    C:/ruby/lib/ruby/gems/1.8/gems/mongrel-1.1.2-mswin32/lib/mongrel.rb:268:in `initialize'
    C:/ruby/lib/ruby/gems/1.8/gems/mongrel-1.1.2-mswin32/lib/mongrel.rb:268:in `new'
    C:/ruby/lib/ruby/gems/1.8/gems/mongrel-1.1.2-mswin32/lib/mongrel.rb:268:in `run'
    C:/ruby/lib/ruby/gems/1.8/gems/mongrel-1.1.2-mswin32/lib/mongrel/configurator.rb:282:in `run'
    C:/ruby/lib/ruby/gems/1.8/gems/mongrel-1.1.2-mswin32/lib/mongrel/configurator.rb:281:in `each'
    C:/ruby/lib/ruby/gems/1.8/gems/mongrel-1.1.2-mswin32/lib/mongrel/configurator.rb:281:in `run'
    C:/ruby/lib/ruby/gems/1.8/gems/mongrel-1.1.2-mswin32/bin/mongrel_rails:128:in `run'
    C:/ruby/lib/ruby/gems/1.8/gems/mongrel-1.1.2-mswin32/lib/mongrel/command.rb:212:in `run'
    C:/ruby/lib/ruby/gems/1.8/gems/mongrel-1.1.2-mswin32/bin/mongrel_rails:281
    C:/ruby/lib/ruby/gems/1.8/gems/activesupport-2.0.2/lib/active_support/dependencies.rb:489:in `load'
    C:/ruby/lib/ruby/gems/1.8/gems/activesupport-2.0.2/lib/active_support/dependencies.rb:489:in `load'
    C:/ruby/lib/ruby/gems/1.8/gems/activesupport-2.0.2/lib/active_support/dependencies.rb:342:in `new_constants_in'
    C:/ruby/lib/ruby/gems/1.8/gems/activesupport-2.0.2/lib/active_support/dependencies.rb:489:in `load'
    C:/ruby/lib/ruby/gems/1.8/gems/rails-2.0.2/lib/commands/servers/mongrel.rb:64
    C:/ruby/lib/ruby/site_ruby/1.8/rubygems/custom_require.rb:27:in `gem_original_require'
    C:/ruby/lib/ruby/site_ruby/1.8/rubygems/custom_require.rb:27:in `require'
    C:/ruby/lib/ruby/gems/1.8/gems/activesupport-2.0.2/lib/active_support/dependencies.rb:496:in `require'
    C:/ruby/lib/ruby/gems/1.8/gems/activesupport-2.0.2/lib/active_support/dependencies.rb:342:in `new_constants_in'
    C:/ruby/lib/ruby/gems/1.8/gems/activesupport-2.0.2/lib/active_support/dependencies.rb:496:in `require'
    C:/ruby/lib/ruby/gems/1.8/gems/rails-2.0.2/lib/commands/server.rb:39
    C:/ruby/lib/ruby/site_ruby/1.8/rubygems/custom_require.rb:27:in `gem_original_require'
    C:/ruby/lib/ruby/site_ruby/1.8/rubygems/custom_require.rb:27:in `require'
    ./script/server:3
    -e:2:in `load'
    -e:2

Rendering C:/ruby/lib/ruby/gems/1.8/gems/actionpack-2.0.2/lib/action_controller/templates/rescues/layout.erb (not_found)


Processing CommentsController#index (for 127.0.0.1 at 2008-05-21 09:58:37) [GET]
  Session ID: BAh7BzoMY3NyZl9pZCIlODFkZmRiYzc5Njg5Yjk5OWZhNzFiMjVjZDlmYmMw%0AMmUiCmZsYXNoSUM6J0FjdGlvbkNvbnRyb2xsZXI6OkZsYXNoOjpGbGFzaEhh%0Ac2h7AAY6CkB1c2VkewA%3D--59c149b0fad72f7742ab556ea77b374eb8f9c0fd
  Parameters: {"action"=>"index", "post_id"=>"2", "controller"=>"comments"}
  [4;36;1mPost Columns (0.016000)[0m   [0;1mSHOW FIELDS FROM `posts`[0m
  [4;35;1mPost Load (0.031000)[0m   [0mSELECT * FROM `posts` WHERE (`posts`.`id` = 2) [0m
  [4;36;1mComment Load (0.000000)[0m   [0;1mSELECT * FROM `comments` WHERE (comments.post_id = 2) [0m
Rendering template within layouts/comments
Rendering comments/index
  [4;35;1mComment Columns (0.000000)[0m   [0mSHOW FIELDS FROM `comments`[0m
Completed in 0.17100 (5 reqs/sec) | Rendering: 0.03100 (18%) | DB: 0.06300 (36%) | 200 OK [http://127.0.0.1/posts/2/comments]


Processing CommentsController#show (for 127.0.0.1 at 2008-05-21 09:58:57) [GET]
  Session ID: BAh7BzoMY3NyZl9pZCIlODFkZmRiYzc5Njg5Yjk5OWZhNzFiMjVjZDlmYmMw%0AMmUiCmZsYXNoSUM6J0FjdGlvbkNvbnRyb2xsZXI6OkZsYXNoOjpGbGFzaEhh%0Ac2h7AAY6CkB1c2VkewA%3D--59c149b0fad72f7742ab556ea77b374eb8f9c0fd
  Parameters: {"action"=>"show", "post_id"=>"2", "id"=>"3", "controller"=>"comments"}
  [4;36;1mPost Columns (0.000000)[0m   [0;1mSHOW FIELDS FROM `posts`[0m
  [4;35;1mPost Load (0.000000)[0m   [0mSELECT * FROM `posts` WHERE (`posts`.`id` = 2) [0m
  [4;36;1mComment Columns (0.000000)[0m   [0;1mSHOW FIELDS FROM `comments`[0m
  [4;35;1mComment Load (0.000000)[0m   [0mSELECT * FROM `comments` WHERE (`comments`.`id` = 3 AND (comments.post_id = 2)) [0m
Rendering template within layouts/comments
Rendering comments/show
Completed in 0.09400 (10 reqs/sec) | Rendering: 0.01600 (17%) | DB: 0.00000 (0%) | 200 OK [http://127.0.0.1/posts/2/comments/3]


Processing CommentsController#edit (for 127.0.0.1 at 2008-05-21 09:59:00) [GET]
  Session ID: BAh7BzoMY3NyZl9pZCIlODFkZmRiYzc5Njg5Yjk5OWZhNzFiMjVjZDlmYmMw%0AMmUiCmZsYXNoSUM6J0FjdGlvbkNvbnRyb2xsZXI6OkZsYXNoOjpGbGFzaEhh%0Ac2h7AAY6CkB1c2VkewA%3D--59c149b0fad72f7742ab556ea77b374eb8f9c0fd
  Parameters: {"action"=>"edit", "post_id"=>"2", "id"=>"3", "controller"=>"comments"}
  [4;36;1mPost Columns (0.016000)[0m   [0;1mSHOW FIELDS FROM `posts`[0m
  [4;35;1mPost Load (0.000000)[0m   [0mSELECT * FROM `posts` WHERE (`posts`.`id` = 2) [0m
  [4;36;1mComment Columns (0.000000)[0m   [0;1mSHOW FIELDS FROM `comments`[0m
  [4;35;1mComment Load (0.016000)[0m   [0mSELECT * FROM `comments` WHERE (`comments`.`id` = 3 AND (comments.post_id = 2)) [0m
Rendering template within layouts/comments
Rendering comments/edit
Completed in 0.39100 (2 reqs/sec) | Rendering: 0.09400 (24%) | DB: 0.03200 (8%) | 200 OK [http://127.0.0.1/posts/2/comments/3/edit]


Processing CommentsController#index (for 127.0.0.1 at 2008-05-21 09:59:03) [GET]
  Session ID: BAh7BzoMY3NyZl9pZCIlODFkZmRiYzc5Njg5Yjk5OWZhNzFiMjVjZDlmYmMw%0AMmUiCmZsYXNoSUM6J0FjdGlvbkNvbnRyb2xsZXI6OkZsYXNoOjpGbGFzaEhh%0Ac2h7AAY6CkB1c2VkewA%3D--59c149b0fad72f7742ab556ea77b374eb8f9c0fd
  Parameters: {"action"=>"index", "post_id"=>"2", "controller"=>"comments"}
  [4;36;1mPost Columns (0.016000)[0m   [0;1mSHOW FIELDS FROM `posts`[0m
  [4;35;1mPost Load (0.016000)[0m   [0mSELECT * FROM `posts` WHERE (`posts`.`id` = 2) [0m
  [4;36;1mComment Load (0.000000)[0m   [0;1mSELECT * FROM `comments` WHERE (comments.post_id = 2) [0m
Rendering template within layouts/comments
Rendering comments/index
  [4;35;1mComment Columns (0.016000)[0m   [0mSHOW FIELDS FROM `comments`[0m
Completed in 0.09400 (10 reqs/sec) | Rendering: 0.00000 (0%) | DB: 0.04800 (51%) | 200 OK [http://127.0.0.1/posts/2/comments]


Processing CommentsController#edit (for 127.0.0.1 at 2008-05-21 09:59:08) [GET]
  Session ID: BAh7BzoMY3NyZl9pZCIlODFkZmRiYzc5Njg5Yjk5OWZhNzFiMjVjZDlmYmMw%0AMmUiCmZsYXNoSUM6J0FjdGlvbkNvbnRyb2xsZXI6OkZsYXNoOjpGbGFzaEhh%0Ac2h7AAY6CkB1c2VkewA%3D--59c149b0fad72f7742ab556ea77b374eb8f9c0fd
  Parameters: {"action"=>"edit", "post_id"=>"2", "id"=>"3", "controller"=>"comments"}
  [4;36;1mPost Columns (0.000000)[0m   [0;1mSHOW FIELDS FROM `posts`[0m
  [4;35;1mPost Load (0.000000)[0m   [0mSELECT * FROM `posts` WHERE (`posts`.`id` = 2) [0m
  [4;36;1mComment Columns (0.000000)[0m   [0;1mSHOW FIELDS FROM `comments`[0m
  [4;35;1mComment Load (0.000000)[0m   [0mSELECT * FROM `comments` WHERE (`comments`.`id` = 3 AND (comments.post_id = 2)) [0m
Rendering template within layouts/comments
Rendering comments/edit
Completed in 0.10900 (9 reqs/sec) | Rendering: 0.01600 (14%) | DB: 0.00000 (0%) | 200 OK [http://127.0.0.1/posts/2/comments/3/edit]


Processing CommentsController#show (for 127.0.0.1 at 2008-05-21 09:59:09) [GET]
  Session ID: BAh7BzoMY3NyZl9pZCIlODFkZmRiYzc5Njg5Yjk5OWZhNzFiMjVjZDlmYmMw%0AMmUiCmZsYXNoSUM6J0FjdGlvbkNvbnRyb2xsZXI6OkZsYXNoOjpGbGFzaEhh%0Ac2h7AAY6CkB1c2VkewA%3D--59c149b0fad72f7742ab556ea77b374eb8f9c0fd
  Parameters: {"action"=>"show", "post_id"=>"2", "id"=>"3", "controller"=>"comments"}
  [4;36;1mPost Columns (0.000000)[0m   [0;1mSHOW FIELDS FROM `posts`[0m
  [4;35;1mPost Load (0.016000)[0m   [0mSELECT * FROM `posts` WHERE (`posts`.`id` = 2) [0m
  [4;36;1mComment Columns (0.016000)[0m   [0;1mSHOW FIELDS FROM `comments`[0m
  [4;35;1mComment Load (0.016000)[0m   [0mSELECT * FROM `comments` WHERE (`comments`.`id` = 3 AND (comments.post_id = 2)) [0m
Rendering template within layouts/comments
Rendering comments/show
Completed in 0.10900 (9 reqs/sec) | Rendering: 0.00000 (0%) | DB: 0.04800 (44%) | 200 OK [http://127.0.0.1/posts/2/comments/3]


Processing CommentsController#index (for 127.0.0.1 at 2008-05-21 09:59:11) [GET]
  Session ID: BAh7BzoMY3NyZl9pZCIlODFkZmRiYzc5Njg5Yjk5OWZhNzFiMjVjZDlmYmMw%0AMmUiCmZsYXNoSUM6J0FjdGlvbkNvbnRyb2xsZXI6OkZsYXNoOjpGbGFzaEhh%0Ac2h7AAY6CkB1c2VkewA%3D--59c149b0fad72f7742ab556ea77b374eb8f9c0fd
  Parameters: {"action"=>"index", "post_id"=>"2", "controller"=>"comments"}
  [4;36;1mPost Columns (0.000000)[0m   [0;1mSHOW FIELDS FROM `posts`[0m
  [4;35;1mPost Load (0.000000)[0m   [0mSELECT * FROM `posts` WHERE (`posts`.`id` = 2) [0m
  [4;36;1mComment Load (0.000000)[0m   [0;1mSELECT * FROM `comments` WHERE (comments.post_id = 2) [0m
Rendering template within layouts/comments
Rendering comments/index
  [4;35;1mComment Columns (0.015000)[0m   [0mSHOW FIELDS FROM `comments`[0m
Completed in 0.21800 (4 reqs/sec) | Rendering: 0.09400 (43%) | DB: 0.01500 (6%) | 200 OK [http://127.0.0.1/posts/2/comments]


Processing CommentsController#new (for 127.0.0.1 at 2008-05-21 09:59:19) [GET]
  Session ID: BAh7BzoMY3NyZl9pZCIlODFkZmRiYzc5Njg5Yjk5OWZhNzFiMjVjZDlmYmMw%0AMmUiCmZsYXNoSUM6J0FjdGlvbkNvbnRyb2xsZXI6OkZsYXNoOjpGbGFzaEhh%0Ac2h7AAY6CkB1c2VkewA%3D--59c149b0fad72f7742ab556ea77b374eb8f9c0fd
  Parameters: {"action"=>"new", "post_id"=>"2", "controller"=>"comments"}
  [4;36;1mPost Columns (0.015000)[0m   [0;1mSHOW FIELDS FROM `posts`[0m
  [4;35;1mPost Load (0.000000)[0m   [0mSELECT * FROM `posts` WHERE (`posts`.`id` = 2) [0m
  [4;36;1mComment Columns (0.000000)[0m   [0;1mSHOW FIELDS FROM `comments`[0m
Rendering template within layouts/comments
Rendering comments/new
Completed in 0.09400 (10 reqs/sec) | Rendering: 0.01600 (17%) | DB: 0.01500 (15%) | 200 OK [http://127.0.0.1/posts/2/comments/new]


Processing CommentsController#create (for 127.0.0.1 at 2008-05-21 10:00:52) [POST]
  Session ID: BAh7BzoMY3NyZl9pZCIlODFkZmRiYzc5Njg5Yjk5OWZhNzFiMjVjZDlmYmMw%0AMmUiCmZsYXNoSUM6J0FjdGlvbkNvbnRyb2xsZXI6OkZsYXNoOjpGbGFzaEhh%0Ac2h7AAY6CkB1c2VkewA%3D--59c149b0fad72f7742ab556ea77b374eb8f9c0fd
  Parameters: {"commit"=>"Create", "authenticity_token"=>"c061db4303b99acea4cac53262d5d0fe2b3d9486", "action"=>"create", "post_id"=>"2", "controller"=>"comments", "comment"=>{"body"=>"No nonsense here. The evil twin world.\r\n\r\nAn as for the best . . ."}}
  [4;35;1mPost Columns (0.015000)[0m   [0mSHOW FIELDS FROM `posts`[0m
  [4;36;1mPost Load (0.016000)[0m   [0;1mSELECT * FROM `posts` WHERE (`posts`.`id` = 2) [0m
  [4;35;1mComment Columns (0.016000)[0m   [0mSHOW FIELDS FROM `comments`[0m
  [4;36;1mSQL (0.016000)[0m   [0;1mBEGIN[0m
  [4;35;1mComment Create (0.000000)[0m   [0mINSERT INTO `comments` (`updated_at`, `body`, `post_id`, `created_at`) VALUES('2008-05-21 10:00:53', 'No nonsense here. The evil twin world.\r\n\r\nAn as for the best . . .', 2, '2008-05-21 10:00:53')[0m
  [4;36;1mSQL (0.031000)[0m   [0;1mCOMMIT[0m
Redirected to http://127.0.0.1:3002/posts/2/comments/6
Completed in 0.12500 (8 reqs/sec) | DB: 0.09400 (75%) | 302 Found [http://127.0.0.1/posts/2/comments]


Processing CommentsController#show (for 127.0.0.1 at 2008-05-21 10:00:53) [GET]
  Session ID: BAh7BzoMY3NyZl9pZCIlODFkZmRiYzc5Njg5Yjk5OWZhNzFiMjVjZDlmYmMw%0AMmUiCmZsYXNoSUM6J0FjdGlvbkNvbnRyb2xsZXI6OkZsYXNoOjpGbGFzaEhh%0Ac2h7BjoLbm90aWNlIiZDb21tZW50IHdhcyBzdWNjZXNzZnVsbHkgY3JlYXRl%0AZC4GOgpAdXNlZHsGOwdU--47dab0074070498e9e6d3d4ff6c0b4392e9e5f77
  Parameters: {"action"=>"show", "post_id"=>"2", "id"=>"6", "controller"=>"comments"}
  [4;35;1mPost Columns (0.000000)[0m   [0mSHOW FIELDS FROM `posts`[0m
  [4;36;1mPost Load (0.015000)[0m   [0;1mSELECT * FROM `posts` WHERE (`posts`.`id` = 2) [0m
  [4;35;1mComment Columns (0.000000)[0m   [0mSHOW FIELDS FROM `comments`[0m
  [4;36;1mComment Load (0.015000)[0m   [0;1mSELECT * FROM `comments` WHERE (`comments`.`id` = 6 AND (comments.post_id = 2)) [0m
Rendering template within layouts/comments
Rendering comments/show
Completed in 0.11000 (9 reqs/sec) | Rendering: 0.01600 (14%) | DB: 0.03000 (27%) | 200 OK [http://127.0.0.1/posts/2/comments/6]


Processing CommentsController#edit (for 127.0.0.1 at 2008-05-21 10:01:00) [GET]
  Session ID: BAh7BzoMY3NyZl9pZCIlODFkZmRiYzc5Njg5Yjk5OWZhNzFiMjVjZDlmYmMw%0AMmUiCmZsYXNoSUM6J0FjdGlvbkNvbnRyb2xsZXI6OkZsYXNoOjpGbGFzaEhh%0Ac2h7AAY6CkB1c2VkewA%3D--59c149b0fad72f7742ab556ea77b374eb8f9c0fd
  Parameters: {"action"=>"edit", "post_id"=>"2", "id"=>"6", "controller"=>"comments"}
  [4;35;1mPost Columns (0.000000)[0m   [0mSHOW FIELDS FROM `posts`[0m
  [4;36;1mPost Load (0.000000)[0m   [0;1mSELECT * FROM `posts` WHERE (`posts`.`id` = 2) [0m
  [4;35;1mComment Columns (0.000000)[0m   [0mSHOW FIELDS FROM `comments`[0m
  [4;36;1mComment Load (0.016000)[0m   [0;1mSELECT * FROM `comments` WHERE (`comments`.`id` = 6 AND (comments.post_id = 2)) [0m
Rendering template within layouts/comments
Rendering comments/edit
Completed in 0.10900 (9 reqs/sec) | Rendering: 0.01500 (13%) | DB: 0.01600 (14%) | 200 OK [http://127.0.0.1/posts/2/comments/6/edit]


Processing CommentsController#update (for 127.0.0.1 at 2008-05-21 10:01:10) [PUT]
  Session ID: BAh7BzoMY3NyZl9pZCIlODFkZmRiYzc5Njg5Yjk5OWZhNzFiMjVjZDlmYmMw%0AMmUiCmZsYXNoSUM6J0FjdGlvbkNvbnRyb2xsZXI6OkZsYXNoOjpGbGFzaEhh%0Ac2h7AAY6CkB1c2VkewA%3D--59c149b0fad72f7742ab556ea77b374eb8f9c0fd
  Parameters: {"commit"=>"Update", "authenticity_token"=>"c061db4303b99acea4cac53262d5d0fe2b3d9486", "_method"=>"put", "action"=>"update", "post_id"=>"2", "id"=>"6", "controller"=>"comments", "comment"=>{"body"=>"No nonsense here. The evil twin world.\r\n\r\nAnd as for the best . . ."}}
  [4;35;1mPost Columns (0.016000)[0m   [0mSHOW FIELDS FROM `posts`[0m
  [4;36;1mPost Load (0.015000)[0m   [0;1mSELECT * FROM `posts` WHERE (`posts`.`id` = 2) [0m
  [4;35;1mComment Columns (0.016000)[0m   [0mSHOW FIELDS FROM `comments`[0m
  [4;36;1mComment Load (0.000000)[0m   [0;1mSELECT * FROM `comments` WHERE (`comments`.`id` = 6 AND (comments.post_id = 2)) [0m
  [4;35;1mSQL (0.000000)[0m   [0mBEGIN[0m
  [4;36;1mComment Update (0.000000)[0m   [0;1mUPDATE `comments` SET `created_at` = '2008-05-21 10:00:53', `body` = 'No nonsense here. The evil twin world.\r\n\r\nAnd as for the best . . .', `updated_at` = '2008-05-21 10:01:10', `post_id` = 2 WHERE `id` = 6[0m
  [4;35;1mSQL (0.047000)[0m   [0mCOMMIT[0m
Redirected to http://127.0.0.1:3002/posts/2/comments/6
Completed in 0.14000 (7 reqs/sec) | DB: 0.09400 (67%) | 302 Found [http://127.0.0.1/posts/2/comments/6]


Processing CommentsController#show (for 127.0.0.1 at 2008-05-21 10:01:10) [GET]
  Session ID: BAh7BzoMY3NyZl9pZCIlODFkZmRiYzc5Njg5Yjk5OWZhNzFiMjVjZDlmYmMw%0AMmUiCmZsYXNoSUM6J0FjdGlvbkNvbnRyb2xsZXI6OkZsYXNoOjpGbGFzaEhh%0Ac2h7BjoLbm90aWNlIiZDb21tZW50IHdhcyBzdWNjZXNzZnVsbHkgdXBkYXRl%0AZC4GOgpAdXNlZHsGOwdU--df6eb551338b7a795f1651da10212c66d48326ab
  Parameters: {"action"=>"show", "post_id"=>"2", "id"=>"6", "controller"=>"comments"}
  [4;36;1mPost Columns (0.016000)[0m   [0;1mSHOW FIELDS FROM `posts`[0m
  [4;35;1mPost Load (0.000000)[0m   [0mSELECT * FROM `posts` WHERE (`posts`.`id` = 2) [0m
  [4;36;1mComment Columns (0.016000)[0m   [0;1mSHOW FIELDS FROM `comments`[0m
  [4;35;1mComment Load (0.000000)[0m   [0mSELECT * FROM `comments` WHERE (`comments`.`id` = 6 AND (comments.post_id = 2)) [0m
Rendering template within layouts/comments
Rendering comments/show
Completed in 0.10900 (9 reqs/sec) | Rendering: 0.01600 (14%) | DB: 0.03200 (29%) | 200 OK [http://127.0.0.1/posts/2/comments/6]


Processing PostsController#index (for 127.0.0.1 at 2008-05-21 10:01:33) [GET]
  Session ID: BAh7BzoMY3NyZl9pZCIlODFkZmRiYzc5Njg5Yjk5OWZhNzFiMjVjZDlmYmMw%0AMmUiCmZsYXNoSUM6J0FjdGlvbkNvbnRyb2xsZXI6OkZsYXNoOjpGbGFzaEhh%0Ac2h7AAY6CkB1c2VkewA%3D--59c149b0fad72f7742ab556ea77b374eb8f9c0fd
  Parameters: {"action"=>"index", "controller"=>"posts"}
  [4;36;1mPost Load (0.000000)[0m   [0;1mSELECT * FROM `posts` [0m
Rendering template within layouts/posts
Rendering posts/index
  [4;35;1mPost Columns (0.016000)[0m   [0mSHOW FIELDS FROM `posts`[0m
Completed in 0.06300 (15 reqs/sec) | Rendering: 0.01600 (25%) | DB: 0.01600 (25%) | 200 OK [http://127.0.0.1/posts/]


Processing CommentsController#new (for 127.0.0.1 at 2008-05-23 03:40:18) [GET]
  Session ID: BAh7BzoMY3NyZl9pZCIlODFkZmRiYzc5Njg5Yjk5OWZhNzFiMjVjZDlmYmMw%0AMmUiCmZsYXNoSUM6J0FjdGlvbkNvbnRyb2xsZXI6OkZsYXNoOjpGbGFzaEhh%0Ac2h7AAY6CkB1c2VkewA%3D--59c149b0fad72f7742ab556ea77b374eb8f9c0fd
  Parameters: {"action"=>"new", "post_id"=>"1", "controller"=>"comments"}
  [4;36;1mSQL (0.000000)[0m   [0;1mSET NAMES 'utf8'[0m
  [4;35;1mSQL (0.000000)[0m   [0mSET SQL_AUTO_IS_NULL=0[0m
  [4;36;1mPost Columns (0.047000)[0m   [0;1mSHOW FIELDS FROM `posts`[0m
  [4;35;1mPost Load (0.016000)[0m   [0mSELECT * FROM `posts` WHERE (`posts`.`id` = 1) [0m
  [4;36;1mComment Columns (0.016000)[0m   [0;1mSHOW FIELDS FROM `comments`[0m
Rendering template within layouts/comments
Rendering comments/new
Rendered comments/_comment (0.01600)
Completed in 0.18700 (5 reqs/sec) | Rendering: 0.04600 (24%) | DB: 0.07900 (42%) | 200 OK [http://127.0.0.1/posts/1/comments/new]


Processing PostsController#index (for 127.0.0.1 at 2008-05-23 04:23:48) [GET]
  Session ID: BAh7BzoMY3NyZl9pZCIlODFkZmRiYzc5Njg5Yjk5OWZhNzFiMjVjZDlmYmMw%0AMmUiCmZsYXNoSUM6J0FjdGlvbkNvbnRyb2xsZXI6OkZsYXNoOjpGbGFzaEhh%0Ac2h7AAY6CkB1c2VkewA%3D--59c149b0fad72f7742ab556ea77b374eb8f9c0fd
  Parameters: {"action"=>"index", "controller"=>"posts"}
  [4;35;1mPost Load (0.000000)[0m   [0mSELECT * FROM `posts` [0m
Rendering template within layouts/posts
Rendering posts/index
  [4;36;1mPost Columns (0.015000)[0m   [0;1mSHOW FIELDS FROM `posts`[0m
Completed in 0.07800 (12 reqs/sec) | Rendering: 0.03200 (41%) | DB: 0.01500 (19%) | 200 OK [http://127.0.0.1/]


Processing PostsController#show (for 127.0.0.1 at 2008-05-23 04:23:56) [GET]
  Session ID: BAh7BzoMY3NyZl9pZCIlODFkZmRiYzc5Njg5Yjk5OWZhNzFiMjVjZDlmYmMw%0AMmUiCmZsYXNoSUM6J0FjdGlvbkNvbnRyb2xsZXI6OkZsYXNoOjpGbGFzaEhh%0Ac2h7AAY6CkB1c2VkewA%3D--59c149b0fad72f7742ab556ea77b374eb8f9c0fd
  Parameters: {"action"=>"show", "id"=>"1", "controller"=>"posts"}
  [4;35;1mPost Columns (0.000000)[0m   [0mSHOW FIELDS FROM `posts`[0m
  [4;36;1mPost Load (0.032000)[0m   [0;1mSELECT * FROM `posts` WHERE (`posts`.`id` = 1) [0m
Rendering template within layouts/posts
Rendering posts/show
Completed in 0.10900 (9 reqs/sec) | Rendering: 0.01500 (13%) | DB: 0.03200 (29%) | 200 OK [http://127.0.0.1/posts/1]


Processing PostsController#index (for 127.0.0.1 at 2008-05-23 04:24:30) [GET]
  Session ID: BAh7BzoMY3NyZl9pZCIlODFkZmRiYzc5Njg5Yjk5OWZhNzFiMjVjZDlmYmMw%0AMmUiCmZsYXNoSUM6J0FjdGlvbkNvbnRyb2xsZXI6OkZsYXNoOjpGbGFzaEhh%0Ac2h7AAY6CkB1c2VkewA%3D--59c149b0fad72f7742ab556ea77b374eb8f9c0fd
  Parameters: {"action"=>"index", "controller"=>"posts"}
  [4;35;1mPost Load (0.000000)[0m   [0mSELECT * FROM `posts` [0m
Rendering template within layouts/posts
Rendering posts/index
  [4;36;1mPost Columns (0.015000)[0m   [0;1mSHOW FIELDS FROM `posts`[0m
Completed in 0.06200 (16 reqs/sec) | Rendering: 0.00000 (0%) | DB: 0.01500 (24%) | 200 OK [http://127.0.0.1/posts]


Processing PostsController#show (for 127.0.0.1 at 2008-05-23 04:24:35) [GET]
  Session ID: BAh7BzoMY3NyZl9pZCIlODFkZmRiYzc5Njg5Yjk5OWZhNzFiMjVjZDlmYmMw%0AMmUiCmZsYXNoSUM6J0FjdGlvbkNvbnRyb2xsZXI6OkZsYXNoOjpGbGFzaEhh%0Ac2h7AAY6CkB1c2VkewA%3D--59c149b0fad72f7742ab556ea77b374eb8f9c0fd
  Parameters: {"action"=>"show", "id"=>"2", "controller"=>"posts"}
  [4;35;1mPost Columns (0.015000)[0m   [0mSHOW FIELDS FROM `posts`[0m
  [4;36;1mPost Load (0.016000)[0m   [0;1mSELECT * FROM `posts` WHERE (`posts`.`id` = 2) [0m
Rendering template within layouts/posts
Rendering posts/show
Completed in 0.07800 (12 reqs/sec) | Rendering: 0.01600 (20%) | DB: 0.03100 (39%) | 200 OK [http://127.0.0.1/posts/2]


Processing PostsController#index (for 127.0.0.1 at 2008-05-23 04:26:17) [GET]
  Session ID: BAh7BzoMY3NyZl9pZCIlODFkZmRiYzc5Njg5Yjk5OWZhNzFiMjVjZDlmYmMw%0AMmUiCmZsYXNoSUM6J0FjdGlvbkNvbnRyb2xsZXI6OkZsYXNoOjpGbGFzaEhh%0Ac2h7AAY6CkB1c2VkewA%3D--59c149b0fad72f7742ab556ea77b374eb8f9c0fd
  Parameters: {"action"=>"index", "controller"=>"posts"}
  [4;35;1mPost Load (0.000000)[0m   [0mSELECT * FROM `posts` [0m
Rendering template within layouts/posts
Rendering posts/index
  [4;36;1mPost Columns (0.000000)[0m   [0;1mSHOW FIELDS FROM `posts`[0m
Completed in 0.06200 (16 reqs/sec) | Rendering: 0.03100 (50%) | DB: 0.00000 (0%) | 200 OK [http://127.0.0.1/]


Processing PostsController#show (for 127.0.0.1 at 2008-05-23 04:26:29) [GET]
  Session ID: BAh7BzoMY3NyZl9pZCIlODFkZmRiYzc5Njg5Yjk5OWZhNzFiMjVjZDlmYmMw%0AMmUiCmZsYXNoSUM6J0FjdGlvbkNvbnRyb2xsZXI6OkZsYXNoOjpGbGFzaEhh%0Ac2h7AAY6CkB1c2VkewA%3D--59c149b0fad72f7742ab556ea77b374eb8f9c0fd
  Parameters: {"action"=>"show", "id"=>"1", "controller"=>"posts"}
  [4;35;1mPost Columns (0.016000)[0m   [0mSHOW FIELDS FROM `posts`[0m
  [4;36;1mPost Load (0.000000)[0m   [0;1mSELECT * FROM `posts` WHERE (`posts`.`id` = 1) [0m
Rendering template within layouts/posts
Rendering posts/show
Completed in 0.07800 (12 reqs/sec) | Rendering: 0.01500 (19%) | DB: 0.01600 (20%) | 200 OK [http://127.0.0.1/posts/1]


Processing CommentsController#index (for 127.0.0.1 at 2008-05-23 04:26:34) [GET]
  Session ID: BAh7BzoMY3NyZl9pZCIlODFkZmRiYzc5Njg5Yjk5OWZhNzFiMjVjZDlmYmMw%0AMmUiCmZsYXNoSUM6J0FjdGlvbkNvbnRyb2xsZXI6OkZsYXNoOjpGbGFzaEhh%0Ac2h7AAY6CkB1c2VkewA%3D--59c149b0fad72f7742ab556ea77b374eb8f9c0fd
  Parameters: {"action"=>"index", "post_id"=>"1", "controller"=>"comments"}
  [4;35;1mPost Columns (0.016000)[0m   [0mSHOW FIELDS FROM `posts`[0m
  [4;36;1mPost Load (0.016000)[0m   [0;1mSELECT * FROM `posts` WHERE (`posts`.`id` = 1) [0m
  [4;35;1mComment Load (0.000000)[0m   [0mSELECT * FROM `comments` WHERE (comments.post_id = 1) [0m
Rendering template within layouts/comments
Rendering comments/index
  [4;36;1mComment Columns (0.031000)[0m   [0;1mSHOW FIELDS FROM `comments`[0m
Completed in 0.35900 (2 reqs/sec) | Rendering: 0.11000 (30%) | DB: 0.06300 (17%) | 200 OK [http://127.0.0.1/posts/1/comments]


Processing PostsController#index (for 127.0.0.1 at 2008-05-23 05:09:26) [GET]
  Session ID: BAh7BzoMY3NyZl9pZCIlODFkZmRiYzc5Njg5Yjk5OWZhNzFiMjVjZDlmYmMw%0AMmUiCmZsYXNoSUM6J0FjdGlvbkNvbnRyb2xsZXI6OkZsYXNoOjpGbGFzaEhh%0Ac2h7AAY6CkB1c2VkewA%3D--59c149b0fad72f7742ab556ea77b374eb8f9c0fd
  Parameters: {"action"=>"index", "controller"=>"posts"}
  [4;35;1mPost Load (0.000000)[0m   [0mSELECT * FROM `posts` [0m
Rendering template within layouts/posts
Rendering posts/index
  [4;36;1mPost Columns (0.015000)[0m   [0;1mSHOW FIELDS FROM `posts`[0m
Completed in 0.07800 (12 reqs/sec) | Rendering: 0.03200 (41%) | DB: 0.01500 (19%) | 200 OK [http://127.0.0.1/]


Processing PostsController#show (for 127.0.0.1 at 2008-05-23 05:09:32) [GET]
  Session ID: BAh7BzoMY3NyZl9pZCIlODFkZmRiYzc5Njg5Yjk5OWZhNzFiMjVjZDlmYmMw%0AMmUiCmZsYXNoSUM6J0FjdGlvbkNvbnRyb2xsZXI6OkZsYXNoOjpGbGFzaEhh%0Ac2h7AAY6CkB1c2VkewA%3D--59c149b0fad72f7742ab556ea77b374eb8f9c0fd
  Parameters: {"action"=>"show", "id"=>"1", "controller"=>"posts"}
  [4;35;1mPost Columns (0.000000)[0m   [0mSHOW FIELDS FROM `posts`[0m
  [4;36;1mPost Load (0.047000)[0m   [0;1mSELECT * FROM `posts` WHERE (`posts`.`id` = 1) [0m
Rendering template within layouts/posts
Rendering posts/show
  [4;35;1mComment Columns (0.000000)[0m   [0mSHOW FIELDS FROM `comments`[0m
  [4;36;1mSQL (0.000000)[0m   [0;1mSELECT count(*) AS count_all FROM `comments` WHERE (comments.post_id = 1) [0m
  [4;35;1mComment Load (0.000000)[0m   [0mSELECT * FROM `comments` WHERE (comments.post_id = 1) [0m
Rendered comments/_comment (0.01500)
Completed in 0.21900 (4 reqs/sec) | Rendering: 0.10900 (49%) | DB: 0.04700 (21%) | 200 OK [http://127.0.0.1/posts/1]


Processing CommentsController#create (for 127.0.0.1 at 2008-05-23 05:11:12) [POST]
  Session ID: BAh7BzoMY3NyZl9pZCIlODFkZmRiYzc5Njg5Yjk5OWZhNzFiMjVjZDlmYmMw%0AMmUiCmZsYXNoSUM6J0FjdGlvbkNvbnRyb2xsZXI6OkZsYXNoOjpGbGFzaEhh%0Ac2h7AAY6CkB1c2VkewA%3D--59c149b0fad72f7742ab556ea77b374eb8f9c0fd
  Parameters: {"commit"=>"Create", "authenticity_token"=>"c061db4303b99acea4cac53262d5d0fe2b3d9486", "action"=>"create", "post_id"=>"1", "controller"=>"comments", "comment"=>{"body"=>"Whew! All together at last!"}}
  [4;36;1mPost Columns (0.015000)[0m   [0;1mSHOW FIELDS FROM `posts`[0m
  [4;35;1mPost Load (0.016000)[0m   [0mSELECT * FROM `posts` WHERE (`posts`.`id` = 1) [0m
  [4;36;1mComment Columns (0.016000)[0m   [0;1mSHOW FIELDS FROM `comments`[0m
  [4;35;1mSQL (0.000000)[0m   [0mBEGIN[0m
  [4;36;1mComment Create (0.000000)[0m   [0;1mINSERT INTO `comments` (`updated_at`, `body`, `post_id`, `created_at`) VALUES('2008-05-23 05:11:12', 'Whew! All together at last!', 1, '2008-05-23 05:11:12')[0m
  [4;35;1mSQL (0.047000)[0m   [0mCOMMIT[0m
Redirected to http://127.0.0.1:3002/posts/1
Completed in 0.14100 (7 reqs/sec) | DB: 0.09400 (66%) | 302 Found [http://127.0.0.1/posts/1/comments]


Processing PostsController#show (for 127.0.0.1 at 2008-05-23 05:11:12) [GET]
  Session ID: BAh7BzoMY3NyZl9pZCIlODFkZmRiYzc5Njg5Yjk5OWZhNzFiMjVjZDlmYmMw%0AMmUiCmZsYXNoSUM6J0FjdGlvbkNvbnRyb2xsZXI6OkZsYXNoOjpGbGFzaEhh%0Ac2h7BjoLbm90aWNlIiZDb21tZW50IHdhcyBzdWNjZXNzZnVsbHkgY3JlYXRl%0AZC4GOgpAdXNlZHsGOwdU--47dab0074070498e9e6d3d4ff6c0b4392e9e5f77
  Parameters: {"action"=>"show", "id"=>"1", "controller"=>"posts"}
  [4;36;1mPost Columns (0.016000)[0m   [0;1mSHOW FIELDS FROM `posts`[0m
  [4;35;1mPost Load (0.000000)[0m   [0mSELECT * FROM `posts` WHERE (`posts`.`id` = 1) [0m
Rendering template within layouts/posts
Rendering posts/show
  [4;36;1mComment Columns (0.016000)[0m   [0;1mSHOW FIELDS FROM `comments`[0m
  [4;35;1mSQL (0.000000)[0m   [0mSELECT count(*) AS count_all FROM `comments` WHERE (comments.post_id = 1) [0m
  [4;36;1mComment Load (0.016000)[0m   [0;1mSELECT * FROM `comments` WHERE (comments.post_id = 1) [0m
Rendered comments/_comment (0.00000)
Completed in 0.14100 (7 reqs/sec) | Rendering: 0.04700 (33%) | DB: 0.04800 (34%) | 200 OK [http://127.0.0.1/posts/1]
