WebappLoader[]: Deploying class repositories to work directory C:\Documents and Settings\AmandaB\My Documents\Aptana Studio\.metadata\.plugins\org.eclipse.tomcat\ROOT
ContextConfig[]: Added certificates -> request attribute Valve
StandardManager[]: Seeding random number generator class java.security.SecureRandom
StandardManager[]: Seeding of random number generator has been completed
StandardWrapper[:default]: Loading container servlet default
StandardWrapper[:invoker]: Loading container servlet invoker
CoyoteConnector Coyote can't register jmx for protocol
WebappLoader[/help]: Deploying class repositories to work directory C:\Documents and Settings\AmandaB\My Documents\Aptana Studio\.metadata\.plugins\org.eclipse.tomcat\help
WebappLoader[/help]: Deploy JAR /WEB-INF/lib/jsp.jar to C:\Program Files\Aptana\Aptana Studio\plugins\org.eclipse.help.webapp_3.2.2.R322_v20061114\WEB-INF\lib\jsp.jar
WebappLoader[/help]: Deploy JAR /WEB-INF/lib/servlets.jar to C:\Program Files\Aptana\Aptana Studio\plugins\org.eclipse.help.webapp_3.2.2.R322_v20061114\WEB-INF\lib\servlets.jar
ContextConfig[/help]: Added certificates -> request attribute Valve
StandardManager[/help]: Seeding random number generator class java.security.SecureRandom
StandardManager[/help]: Seeding of random number generator has been completed
StandardWrapper[/help:default]: Loading container servlet default
StandardWrapper[/help:invoker]: Loading container servlet invoker
WebappLoader[]: Deploying class repositories to work directory C:\Documents and Settings\AmandaB\My Documents\Aptana Studio\.metadata\.plugins\org.eclipse.tomcat\ROOT
ContextConfig[]: Added certificates -> request attribute Valve
StandardManager[]: Seeding random number generator class java.security.SecureRandom
StandardManager[]: Seeding of random number generator has been completed
StandardWrapper[:default]: Loading container servlet default
StandardWrapper[:invoker]: Loading container servlet invoker
CoyoteConnector Coyote can't register jmx for protocol
WebappLoader[/help]: Deploying class repositories to work directory C:\Documents and Settings\AmandaB\My Documents\Aptana Studio\.metadata\.plugins\org.eclipse.tomcat\help
WebappLoader[/help]: Deploy JAR /WEB-INF/lib/jsp.jar to C:\Program Files\Aptana\Aptana Studio\plugins\org.eclipse.help.webapp_3.2.2.R322_v20061114\WEB-INF\lib\jsp.jar
WebappLoader[/help]: Deploy JAR /WEB-INF/lib/servlets.jar to C:\Program Files\Aptana\Aptana Studio\plugins\org.eclipse.help.webapp_3.2.2.R322_v20061114\WEB-INF\lib\servlets.jar
ContextConfig[/help]: Added certificates -> request attribute Valve
StandardManager[/help]: Seeding random number generator class java.security.SecureRandom
StandardManager[/help]: Seeding of random number generator has been completed
StandardWrapper[/help:default]: Loading container servlet default
StandardWrapper[/help:invoker]: Loading container servlet invoker
WebappLoader[]: Deploying class repositories to work directory C:\Documents and Settings\AmandaB\My Documents\Aptana Studio\.metadata\.plugins\org.eclipse.tomcat\ROOT
ContextConfig[]: Added certificates -> request attribute Valve
StandardManager[]: Seeding random number generator class java.security.SecureRandom
StandardManager[]: Seeding of random number generator has been completed
StandardWrapper[:default]: Loading container servlet default
StandardWrapper[:invoker]: Loading container servlet invoker
CoyoteConnector Coyote can't register jmx for protocol
WebappLoader[/help]: Deploying class repositories to work directory C:\Documents and Settings\AmandaB\My Documents\Aptana Studio\.metadata\.plugins\org.eclipse.tomcat\help
WebappLoader[/help]: Deploy JAR /WEB-INF/lib/jsp.jar to C:\Program Files\Aptana\Aptana Studio\plugins\org.eclipse.help.webapp_3.2.2.R322_v20061114\WEB-INF\lib\jsp.jar
WebappLoader[/help]: Deploy JAR /WEB-INF/lib/servlets.jar to C:\Program Files\Aptana\Aptana Studio\plugins\org.eclipse.help.webapp_3.2.2.R322_v20061114\WEB-INF\lib\servlets.jar
ContextConfig[/help]: Added certificates -> request attribute Valve
StandardManager[/help]: Seeding random number generator class java.security.SecureRandom
StandardManager[/help]: Seeding of random number generator has been completed
StandardWrapper[/help:default]: Loading container servlet default
StandardWrapper[/help:invoker]: Loading container servlet invoker
